<?xml version="1.0" encoding="UTF-8"?>
<testsuite xmlns:xsi="http://www.w3.org/2001/XMLSchema-instance" xsi:noNamespaceSchemaLocation="https://maven.apache.org/surefire/maven-surefire-plugin/xsd/surefire-test-report-3.0.xsd" version="3.0" name="TestRunner.Run" time="37.114" tests="2" errors="0" skipped="0" failures="0">
  <properties>
    <property name="java.specification.version" value="17"/>
    <property name="webdriver.chrome.driver" value="C:\Users\user\.cache\selenium\chromedriver\win32\104.0.5112.79\chromedriver.exe"/>
    <property name="sun.cpu.isalist" value="amd64"/>
    <property name="sun.jnu.encoding" value="Cp1252"/>
    <property name="java.class.path" value="C:\Users\user\Desktop\workspace\CucmberFrameWork\target\test-classes;C:\Users\user\Desktop\workspace\CucmberFrameWork\target\classes;C:\Users\user\.m2\repository\junit\junit\4.11\junit-4.11.jar;C:\Users\user\.m2\repository\io\cucumber\cucumber-html\0.2.7\cucumber-html-0.2.7.jar;C:\Users\user\.m2\repository\net\sourceforge\cobertura\cobertura\2.1.1\cobertura-2.1.1.jar;C:\Users\user\.m2\repository\org\ow2\asm\asm\5.0.1\asm-5.0.1.jar;C:\Users\user\.m2\repository\org\ow2\asm\asm-tree\5.0.1\asm-tree-5.0.1.jar;C:\Users\user\.m2\repository\org\ow2\asm\asm-commons\5.0.1\asm-commons-5.0.1.jar;C:\Users\user\.m2\repository\org\ow2\asm\asm-util\5.0.1\asm-util-5.0.1.jar;C:\Users\user\.m2\repository\org\ow2\asm\asm-analysis\5.0.1\asm-analysis-5.0.1.jar;C:\Users\user\.m2\repository\oro\oro\2.0.8\oro-2.0.8.jar;C:\Users\user\.m2\repository\jaxen\jaxen\1.1.4\jaxen-1.1.4.jar;C:\Users\user\.m2\repository\org\apache\ant\ant\1.8.3\ant-1.8.3.jar;C:\Users\user\.m2\repository\org\apache\ant\ant-launcher\1.8.3\ant-launcher-1.8.3.jar;C:\Users\user\.m2\repository\org\apache\ant\ant-junit\1.8.3\ant-junit-1.8.3.jar;C:\Users\user\.m2\repository\org\mortbay\jetty\servlet-api-2.5\6.1.14\servlet-api-2.5-6.1.14.jar;C:\Users\user\.m2\repository\org\mortbay\jetty\jetty\6.1.14\jetty-6.1.14.jar;C:\Users\user\.m2\repository\org\mortbay\jetty\jetty-util\6.1.14\jetty-util-6.1.14.jar;C:\Users\user\.m2\repository\org\slf4j\slf4j-api\1.7.5\slf4j-api-1.7.5.jar;C:\Users\user\.m2\repository\ch\qos\logback\logback-classic\1.0.13\logback-classic-1.0.13.jar;C:\Users\user\.m2\repository\ch\qos\logback\logback-core\1.0.13\logback-core-1.0.13.jar;C:\Users\user\.m2\repository\org\apache\commons\commons-lang3\3.3.2\commons-lang3-3.3.2.jar;C:\Users\user\.m2\repository\io\cucumber\cucumber-java\7.3.4\cucumber-java-7.3.4.jar;C:\Users\user\.m2\repository\io\cucumber\cucumber-core\7.3.4\cucumber-core-7.3.4.jar;C:\Users\user\.m2\repository\io\cucumber\cucumber-gherkin\7.3.4\cucumber-gherkin-7.3.4.jar;C:\Users\user\.m2\repository\io\cucumber\cucumber-gherkin-messages\7.3.4\cucumber-gherkin-messages-7.3.4.jar;C:\Users\user\.m2\repository\io\cucumber\tag-expressions\4.1.0\tag-expressions-4.1.0.jar;C:\Users\user\.m2\repository\io\cucumber\cucumber-expressions\15.1.1\cucumber-expressions-15.1.1.jar;C:\Users\user\.m2\repository\io\cucumber\datatable\7.3.4\datatable-7.3.4.jar;C:\Users\user\.m2\repository\io\cucumber\cucumber-plugin\7.3.4\cucumber-plugin-7.3.4.jar;C:\Users\user\.m2\repository\io\cucumber\docstring\7.3.4\docstring-7.3.4.jar;C:\Users\user\.m2\repository\io\cucumber\html-formatter\19.1.0\html-formatter-19.1.0.jar;C:\Users\user\.m2\repository\io\cucumber\ci-environment\9.0.4\ci-environment-9.0.4.jar;C:\Users\user\.m2\repository\org\apiguardian\apiguardian-api\1.1.2\apiguardian-api-1.1.2.jar;C:\Users\user\.m2\repository\io\cucumber\cucumber-jvm-deps\1.0.6\cucumber-jvm-deps-1.0.6.jar;C:\Users\user\.m2\repository\net\masterthought\cucumber-reporting\5.7.1\cucumber-reporting-5.7.1.jar;C:\Users\user\.m2\repository\com\fasterxml\jackson\core\jackson-databind\2.13.2.2\jackson-databind-2.13.2.2.jar;C:\Users\user\.m2\repository\com\fasterxml\jackson\core\jackson-annotations\2.13.2\jackson-annotations-2.13.2.jar;C:\Users\user\.m2\repository\com\fasterxml\jackson\core\jackson-core\2.13.2\jackson-core-2.13.2.jar;C:\Users\user\.m2\repository\com\fasterxml\jackson\datatype\jackson-datatype-jsr310\2.13.2\jackson-datatype-jsr310-2.13.2.jar;C:\Users\user\.m2\repository\org\apache\velocity\velocity-engine-core\2.3\velocity-engine-core-2.3.jar;C:\Users\user\.m2\repository\commons-collections\commons-collections\3.2.2\commons-collections-3.2.2.jar;C:\Users\user\.m2\repository\joda-time\joda-time\2.10.14\joda-time-2.10.14.jar;C:\Users\user\.m2\repository\org\codehaus\plexus\plexus-utils\3.4.2\plexus-utils-3.4.2.jar;C:\Users\user\.m2\repository\org\jsoup\jsoup\1.15.1\jsoup-1.15.1.jar;C:\Users\user\.m2\repository\com\google\guava\guava\31.1-jre\guava-31.1-jre.jar;C:\Users\user\.m2\repository\com\google\guava\failureaccess\1.0.1\failureaccess-1.0.1.jar;C:\Users\user\.m2\repository\com\google\guava\listenablefuture\9999.0-empty-to-avoid-conflict-with-guava\listenablefuture-9999.0-empty-to-avoid-conflict-with-guava.jar;C:\Users\user\.m2\repository\com\google\code\findbugs\jsr305\3.0.2\jsr305-3.0.2.jar;C:\Users\user\.m2\repository\org\checkerframework\checker-qual\3.12.0\checker-qual-3.12.0.jar;C:\Users\user\.m2\repository\com\google\errorprone\error_prone_annotations\2.11.0\error_prone_annotations-2.11.0.jar;C:\Users\user\.m2\repository\com\google\j2objc\j2objc-annotations\1.3\j2objc-annotations-1.3.jar;C:\Users\user\.m2\repository\com\googlecode\owasp-java-html-sanitizer\owasp-java-html-sanitizer\20211018.2\owasp-java-html-sanitizer-20211018.2.jar;C:\Users\user\.m2\repository\commons-configuration\commons-configuration\1.10\commons-configuration-1.10.jar;C:\Users\user\.m2\repository\commons-lang\commons-lang\2.6\commons-lang-2.6.jar;C:\Users\user\.m2\repository\commons-logging\commons-logging\1.1.1\commons-logging-1.1.1.jar;C:\Users\user\.m2\repository\org\hamcrest\hamcrest-core\2.2\hamcrest-core-2.2.jar;C:\Users\user\.m2\repository\org\hamcrest\hamcrest\2.2\hamcrest-2.2.jar;C:\Users\user\.m2\repository\io\cucumber\gherkin\23.0.1\gherkin-23.0.1.jar;C:\Users\user\.m2\repository\io\cucumber\messages\18.0.0\messages-18.0.0.jar;C:\Users\user\.m2\repository\org\seleniumhq\selenium\selenium-java\4.2.1\selenium-java-4.2.1.jar;C:\Users\user\.m2\repository\org\seleniumhq\selenium\selenium-api\4.2.1\selenium-api-4.2.1.jar;C:\Users\user\.m2\repository\org\seleniumhq\selenium\selenium-chrome-driver\4.2.1\selenium-chrome-driver-4.2.1.jar;C:\Users\user\.m2\repository\com\google\auto\service\auto-service-annotations\1.0.1\auto-service-annotations-1.0.1.jar;C:\Users\user\.m2\repository\com\google\auto\service\auto-service\1.0.1\auto-service-1.0.1.jar;C:\Users\user\.m2\repository\com\google\auto\auto-common\1.2\auto-common-1.2.jar;C:\Users\user\.m2\repository\org\seleniumhq\selenium\selenium-chromium-driver\4.2.1\selenium-chromium-driver-4.2.1.jar;C:\Users\user\.m2\repository\org\seleniumhq\selenium\selenium-json\4.2.1\selenium-json-4.2.1.jar;C:\Users\user\.m2\repository\org\seleniumhq\selenium\selenium-devtools-v100\4.2.1\selenium-devtools-v100-4.2.1.jar;C:\Users\user\.m2\repository\org\seleniumhq\selenium\selenium-devtools-v101\4.2.1\selenium-devtools-v101-4.2.1.jar;C:\Users\user\.m2\repository\org\seleniumhq\selenium\selenium-devtools-v102\4.2.1\selenium-devtools-v102-4.2.1.jar;C:\Users\user\.m2\repository\org\seleniumhq\selenium\selenium-devtools-v85\4.2.1\selenium-devtools-v85-4.2.1.jar;C:\Users\user\.m2\repository\org\seleniumhq\selenium\selenium-edge-driver\4.2.1\selenium-edge-driver-4.2.1.jar;C:\Users\user\.m2\repository\org\seleniumhq\selenium\selenium-firefox-driver\4.2.1\selenium-firefox-driver-4.2.1.jar;C:\Users\user\.m2\repository\org\seleniumhq\selenium\selenium-ie-driver\4.2.1\selenium-ie-driver-4.2.1.jar;C:\Users\user\.m2\repository\org\seleniumhq\selenium\selenium-opera-driver\4.2.1\selenium-opera-driver-4.2.1.jar;C:\Users\user\.m2\repository\org\seleniumhq\selenium\selenium-remote-driver\4.2.1\selenium-remote-driver-4.2.1.jar;C:\Users\user\.m2\repository\io\netty\netty-buffer\4.1.77.Final\netty-buffer-4.1.77.Final.jar;C:\Users\user\.m2\repository\io\netty\netty-codec-http\4.1.77.Final\netty-codec-http-4.1.77.Final.jar;C:\Users\user\.m2\repository\io\netty\netty-codec\4.1.77.Final\netty-codec-4.1.77.Final.jar;C:\Users\user\.m2\repository\io\netty\netty-handler\4.1.77.Final\netty-handler-4.1.77.Final.jar;C:\Users\user\.m2\repository\io\netty\netty-common\4.1.77.Final\netty-common-4.1.77.Final.jar;C:\Users\user\.m2\repository\io\netty\netty-transport-classes-epoll\4.1.77.Final\netty-transport-classes-epoll-4.1.77.Final.jar;C:\Users\user\.m2\repository\io\netty\netty-transport-classes-kqueue\4.1.77.Final\netty-transport-classes-kqueue-4.1.77.Final.jar;C:\Users\user\.m2\repository\io\netty\netty-transport-native-epoll\4.1.77.Final\netty-transport-native-epoll-4.1.77.Final.jar;C:\Users\user\.m2\repository\io\netty\netty-transport-native-kqueue\4.1.77.Final\netty-transport-native-kqueue-4.1.77.Final.jar;C:\Users\user\.m2\repository\io\netty\netty-transport-native-unix-common\4.1.77.Final\netty-transport-native-unix-common-4.1.77.Final.jar;C:\Users\user\.m2\repository\io\netty\netty-transport\4.1.77.Final\netty-transport-4.1.77.Final.jar;C:\Users\user\.m2\repository\io\netty\netty-resolver\4.1.77.Final\netty-resolver-4.1.77.Final.jar;C:\Users\user\.m2\repository\io\opentelemetry\opentelemetry-api\1.14.0\opentelemetry-api-1.14.0.jar;C:\Users\user\.m2\repository\io\opentelemetry\opentelemetry-context\1.14.0\opentelemetry-context-1.14.0.jar;C:\Users\user\.m2\repository\io\opentelemetry\opentelemetry-exporter-logging\1.14.0\opentelemetry-exporter-logging-1.14.0.jar;C:\Users\user\.m2\repository\io\opentelemetry\opentelemetry-sdk-metrics\1.14.0\opentelemetry-sdk-metrics-1.14.0.jar;C:\Users\user\.m2\repository\io\opentelemetry\opentelemetry-sdk-logs\1.14.0-alpha\opentelemetry-sdk-logs-1.14.0-alpha.jar;C:\Users\user\.m2\repository\io\opentelemetry\opentelemetry-sdk-common\1.14.0\opentelemetry-sdk-common-1.14.0.jar;C:\Users\user\.m2\repository\io\opentelemetry\opentelemetry-sdk-extension-autoconfigure-spi\1.14.0\opentelemetry-sdk-extension-autoconfigure-spi-1.14.0.jar;C:\Users\user\.m2\repository\io\opentelemetry\opentelemetry-sdk-extension-autoconfigure\1.14.0-alpha\opentelemetry-sdk-extension-autoconfigure-1.14.0-alpha.jar;C:\Users\user\.m2\repository\io\opentelemetry\opentelemetry-sdk-trace\1.14.0\opentelemetry-sdk-trace-1.14.0.jar;C:\Users\user\.m2\repository\io\opentelemetry\opentelemetry-sdk\1.14.0\opentelemetry-sdk-1.14.0.jar;C:\Users\user\.m2\repository\io\opentelemetry\opentelemetry-semconv\1.14.0-alpha\opentelemetry-semconv-1.14.0-alpha.jar;C:\Users\user\.m2\repository\io\ous\jtoml\2.0.0\jtoml-2.0.0.jar;C:\Users\user\.m2\repository\net\bytebuddy\byte-buddy\1.12.10\byte-buddy-1.12.10.jar;C:\Users\user\.m2\repository\org\apache\commons\commons-exec\1.3\commons-exec-1.3.jar;C:\Users\user\.m2\repository\org\asynchttpclient\async-http-client\2.12.3\async-http-client-2.12.3.jar;C:\Users\user\.m2\repository\org\asynchttpclient\async-http-client-netty-utils\2.12.3\async-http-client-netty-utils-2.12.3.jar;C:\Users\user\.m2\repository\io\netty\netty-codec-socks\4.1.60.Final\netty-codec-socks-4.1.60.Final.jar;C:\Users\user\.m2\repository\io\netty\netty-handler-proxy\4.1.60.Final\netty-handler-proxy-4.1.60.Final.jar;C:\Users\user\.m2\repository\io\netty\netty-transport-native-epoll\4.1.60.Final\netty-transport-native-epoll-4.1.60.Final-linux-x86_64.jar;C:\Users\user\.m2\repository\io\netty\netty-transport-native-kqueue\4.1.60.Final\netty-transport-native-kqueue-4.1.60.Final-osx-x86_64.jar;C:\Users\user\.m2\repository\org\reactivestreams\reactive-streams\1.0.3\reactive-streams-1.0.3.jar;C:\Users\user\.m2\repository\com\typesafe\netty\netty-reactive-streams\2.0.4\netty-reactive-streams-2.0.4.jar;C:\Users\user\.m2\repository\com\sun\activation\jakarta.activation\1.2.2\jakarta.activation-1.2.2.jar;C:\Users\user\.m2\repository\org\seleniumhq\selenium\selenium-http\4.2.1\selenium-http-4.2.1.jar;C:\Users\user\.m2\repository\dev\failsafe\failsafe\3.2.4\failsafe-3.2.4.jar;C:\Users\user\.m2\repository\org\seleniumhq\selenium\selenium-safari-driver\4.2.1\selenium-safari-driver-4.2.1.jar;C:\Users\user\.m2\repository\org\seleniumhq\selenium\selenium-support\4.2.1\selenium-support-4.2.1.jar;C:\Users\user\.m2\repository\io\github\bonigarcia\webdrivermanager\5.2.0\webdrivermanager-5.2.0.jar;C:\Users\user\.m2\repository\com\google\code\gson\gson\2.9.0\gson-2.9.0.jar;C:\Users\user\.m2\repository\com\github\docker-java\docker-java\3.2.13\docker-java-3.2.13.jar;C:\Users\user\.m2\repository\com\github\docker-java\docker-java-core\3.2.13\docker-java-core-3.2.13.jar;C:\Users\user\.m2\repository\com\github\docker-java\docker-java-api\3.2.13\docker-java-api-3.2.13.jar;C:\Users\user\.m2\repository\org\apache\commons\commons-compress\1.21\commons-compress-1.21.jar;C:\Users\user\.m2\repository\org\bouncycastle\bcpkix-jdk15on\1.64\bcpkix-jdk15on-1.64.jar;C:\Users\user\.m2\repository\org\bouncycastle\bcprov-jdk15on\1.64\bcprov-jdk15on-1.64.jar;C:\Users\user\.m2\repository\org\slf4j\jcl-over-slf4j\1.7.30\jcl-over-slf4j-1.7.30.jar;C:\Users\user\.m2\repository\com\github\docker-java\docker-java-transport-httpclient5\3.2.13\docker-java-transport-httpclient5-3.2.13.jar;C:\Users\user\.m2\repository\com\github\docker-java\docker-java-transport\3.2.13\docker-java-transport-3.2.13.jar;C:\Users\user\.m2\repository\net\java\dev\jna\jna\5.8.0\jna-5.8.0.jar;C:\Users\user\.m2\repository\org\brotli\dec\0.1.2\dec-0.1.2.jar;C:\Users\user\.m2\repository\org\apache\httpcomponents\client5\httpclient5\5.1.3\httpclient5-5.1.3.jar;C:\Users\user\.m2\repository\org\apache\httpcomponents\core5\httpcore5\5.1.3\httpcore5-5.1.3.jar;C:\Users\user\.m2\repository\org\apache\httpcomponents\core5\httpcore5-h2\5.1.3\httpcore5-h2-5.1.3.jar;C:\Users\user\.m2\repository\commons-codec\commons-codec\1.15\commons-codec-1.15.jar;C:\Program Files\Java\jdk-17.0.4\lib\tools-1.5.0.jar;C:\Users\user\.m2\repository\commons-io\commons-io\2.11.0\commons-io-2.11.0.jar;C:\Users\user\.m2\repository\org\apache\logging\log4j\log4j-core\2.17.2\log4j-core-2.17.2.jar;C:\Users\user\.m2\repository\org\apache\logging\log4j\log4j-api\2.17.2\log4j-api-2.17.2.jar;C:\Users\user\.m2\repository\org\testng\testng\7.4.0\testng-7.4.0.jar;C:\Users\user\.m2\repository\com\beust\jcommander\1.78\jcommander-1.78.jar;C:\Users\user\.m2\repository\org\webjars\jquery\3.5.1\jquery-3.5.1.jar;C:\Users\user\.m2\repository\io\cucumber\cucumber-testng\7.3.4\cucumber-testng-7.3.4.jar;C:\Users\user\.m2\repository\tech\grasshopper\extentreports-cucumber7-adapter\1.7.0\extentreports-cucumber7-adapter-1.7.0.jar;C:\Users\user\.m2\repository\com\aventstack\extentreports\5.0.9\extentreports-5.0.9.jar;C:\Users\user\.m2\repository\io\reactivex\rxjava3\rxjava\3.0.4\rxjava-3.0.4.jar;C:\Users\user\.m2\repository\org\freemarker\freemarker\2.3.30\freemarker-2.3.30.jar;C:\Users\user\.m2\repository\org\projectlombok\lombok\1.18.12\lombok-1.18.12.jar;C:\Users\user\.m2\repository\tech\grasshopper\extent-pdf-report\2.7.0\extent-pdf-report-2.7.0.jar;C:\Users\user\.m2\repository\tech\grasshopper\cucumber-pdf-report\2.10.0\cucumber-pdf-report-2.10.0.jar;C:\Users\user\.m2\repository\org\apache\pdfbox\pdfbox\2.0.26\pdfbox-2.0.26.jar;C:\Users\user\.m2\repository\org\apache\pdfbox\fontbox\2.0.26\fontbox-2.0.26.jar;C:\Users\user\.m2\repository\org\knowm\xchart\xchart\3.8.0\xchart-3.8.0.jar;C:\Users\user\.m2\repository\de\erichseifert\vectorgraphics2d\VectorGraphics2D\0.13\VectorGraphics2D-0.13.jar;C:\Users\user\.m2\repository\de\rototor\pdfbox\graphics2d\0.30\graphics2d-0.30.jar;C:\Users\user\.m2\repository\com\madgag\animated-gif-lib\1.4\animated-gif-lib-1.4.jar;C:\Users\user\.m2\repository\org\yaml\snakeyaml\1.28\snakeyaml-1.28.jar;C:\Users\user\.m2\repository\tech\grasshopper\table-layout\1.5.1\table-layout-1.5.1.jar;C:\Users\user\.m2\repository\tech\grasshopper\rest-assured-cucumber-pdf-report\1.4.1\rest-assured-cucumber-pdf-report-1.4.1.jar;C:\Users\user\.m2\repository\com\aventstack\klov-reporter\5.0.9\klov-reporter-5.0.9.jar;C:\Users\user\.m2\repository\org\mongodb\mongodb-driver\3.6.4\mongodb-driver-3.6.4.jar;C:\Users\user\.m2\repository\org\mongodb\mongodb-driver-core\3.6.4\mongodb-driver-core-3.6.4.jar;C:\Users\user\.m2\repository\org\mongodb\bson\3.6.4\bson-3.6.4.jar;C:\Users\user\.m2\repository\org\apache\httpcomponents\httpclient\4.5.13\httpclient-4.5.13.jar;C:\Users\user\.m2\repository\org\apache\httpcomponents\httpcore\4.4.13\httpcore-4.4.13.jar;C:\Users\user\.m2\repository\org\apache\httpcomponents\httpmime\4.5.13\httpmime-4.5.13.jar;C:\Users\user\.m2\repository\tech\grasshopper\htmlextentreporter\1.0.1\htmlextentreporter-1.0.1.jar;"/>
    <property name="java.vm.vendor" value="Oracle Corporation"/>
    <property name="sun.arch.data.model" value="64"/>
    <property name="user.variant" value=""/>
    <property name="java.vendor.url" value="https://java.oracle.com/"/>
    <property name="user.timezone" value="Asia/Calcutta"/>
    <property name="os.name" value="Windows 10"/>
    <property name="java.vm.specification.version" value="17"/>
    <property name="sun.java.launcher" value="SUN_STANDARD"/>
    <property name="user.country" value="US"/>
    <property name="sun.boot.library.path" value="C:\Program Files\Java\jdk-17.0.4\bin"/>
    <property name="sun.java.command" value="C:\Users\user\AppData\Local\Temp\surefire2991627393471259121\surefirebooter-20220830011203652_3.jar C:\Users\user\AppData\Local\Temp\surefire2991627393471259121 2022-08-30T01-12-03_091-jvmRun1 surefire-20220830011203652_1tmp surefire_0-20220830011203652_2tmp"/>
    <property name="jdk.debug" value="release"/>
    <property name="surefire.test.class.path" value="C:\Users\user\Desktop\workspace\CucmberFrameWork\target\test-classes;C:\Users\user\Desktop\workspace\CucmberFrameWork\target\classes;C:\Users\user\.m2\repository\junit\junit\4.11\junit-4.11.jar;C:\Users\user\.m2\repository\io\cucumber\cucumber-html\0.2.7\cucumber-html-0.2.7.jar;C:\Users\user\.m2\repository\net\sourceforge\cobertura\cobertura\2.1.1\cobertura-2.1.1.jar;C:\Users\user\.m2\repository\org\ow2\asm\asm\5.0.1\asm-5.0.1.jar;C:\Users\user\.m2\repository\org\ow2\asm\asm-tree\5.0.1\asm-tree-5.0.1.jar;C:\Users\user\.m2\repository\org\ow2\asm\asm-commons\5.0.1\asm-commons-5.0.1.jar;C:\Users\user\.m2\repository\org\ow2\asm\asm-util\5.0.1\asm-util-5.0.1.jar;C:\Users\user\.m2\repository\org\ow2\asm\asm-analysis\5.0.1\asm-analysis-5.0.1.jar;C:\Users\user\.m2\repository\oro\oro\2.0.8\oro-2.0.8.jar;C:\Users\user\.m2\repository\jaxen\jaxen\1.1.4\jaxen-1.1.4.jar;C:\Users\user\.m2\repository\org\apache\ant\ant\1.8.3\ant-1.8.3.jar;C:\Users\user\.m2\repository\org\apache\ant\ant-launcher\1.8.3\ant-launcher-1.8.3.jar;C:\Users\user\.m2\repository\org\apache\ant\ant-junit\1.8.3\ant-junit-1.8.3.jar;C:\Users\user\.m2\repository\org\mortbay\jetty\servlet-api-2.5\6.1.14\servlet-api-2.5-6.1.14.jar;C:\Users\user\.m2\repository\org\mortbay\jetty\jetty\6.1.14\jetty-6.1.14.jar;C:\Users\user\.m2\repository\org\mortbay\jetty\jetty-util\6.1.14\jetty-util-6.1.14.jar;C:\Users\user\.m2\repository\org\slf4j\slf4j-api\1.7.5\slf4j-api-1.7.5.jar;C:\Users\user\.m2\repository\ch\qos\logback\logback-classic\1.0.13\logback-classic-1.0.13.jar;C:\Users\user\.m2\repository\ch\qos\logback\logback-core\1.0.13\logback-core-1.0.13.jar;C:\Users\user\.m2\repository\org\apache\commons\commons-lang3\3.3.2\commons-lang3-3.3.2.jar;C:\Users\user\.m2\repository\io\cucumber\cucumber-java\7.3.4\cucumber-java-7.3.4.jar;C:\Users\user\.m2\repository\io\cucumber\cucumber-core\7.3.4\cucumber-core-7.3.4.jar;C:\Users\user\.m2\repository\io\cucumber\cucumber-gherkin\7.3.4\cucumber-gherkin-7.3.4.jar;C:\Users\user\.m2\repository\io\cucumber\cucumber-gherkin-messages\7.3.4\cucumber-gherkin-messages-7.3.4.jar;C:\Users\user\.m2\repository\io\cucumber\tag-expressions\4.1.0\tag-expressions-4.1.0.jar;C:\Users\user\.m2\repository\io\cucumber\cucumber-expressions\15.1.1\cucumber-expressions-15.1.1.jar;C:\Users\user\.m2\repository\io\cucumber\datatable\7.3.4\datatable-7.3.4.jar;C:\Users\user\.m2\repository\io\cucumber\cucumber-plugin\7.3.4\cucumber-plugin-7.3.4.jar;C:\Users\user\.m2\repository\io\cucumber\docstring\7.3.4\docstring-7.3.4.jar;C:\Users\user\.m2\repository\io\cucumber\html-formatter\19.1.0\html-formatter-19.1.0.jar;C:\Users\user\.m2\repository\io\cucumber\ci-environment\9.0.4\ci-environment-9.0.4.jar;C:\Users\user\.m2\repository\org\apiguardian\apiguardian-api\1.1.2\apiguardian-api-1.1.2.jar;C:\Users\user\.m2\repository\io\cucumber\cucumber-jvm-deps\1.0.6\cucumber-jvm-deps-1.0.6.jar;C:\Users\user\.m2\repository\net\masterthought\cucumber-reporting\5.7.1\cucumber-reporting-5.7.1.jar;C:\Users\user\.m2\repository\com\fasterxml\jackson\core\jackson-databind\2.13.2.2\jackson-databind-2.13.2.2.jar;C:\Users\user\.m2\repository\com\fasterxml\jackson\core\jackson-annotations\2.13.2\jackson-annotations-2.13.2.jar;C:\Users\user\.m2\repository\com\fasterxml\jackson\core\jackson-core\2.13.2\jackson-core-2.13.2.jar;C:\Users\user\.m2\repository\com\fasterxml\jackson\datatype\jackson-datatype-jsr310\2.13.2\jackson-datatype-jsr310-2.13.2.jar;C:\Users\user\.m2\repository\org\apache\velocity\velocity-engine-core\2.3\velocity-engine-core-2.3.jar;C:\Users\user\.m2\repository\commons-collections\commons-collections\3.2.2\commons-collections-3.2.2.jar;C:\Users\user\.m2\repository\joda-time\joda-time\2.10.14\joda-time-2.10.14.jar;C:\Users\user\.m2\repository\org\codehaus\plexus\plexus-utils\3.4.2\plexus-utils-3.4.2.jar;C:\Users\user\.m2\repository\org\jsoup\jsoup\1.15.1\jsoup-1.15.1.jar;C:\Users\user\.m2\repository\com\google\guava\guava\31.1-jre\guava-31.1-jre.jar;C:\Users\user\.m2\repository\com\google\guava\failureaccess\1.0.1\failureaccess-1.0.1.jar;C:\Users\user\.m2\repository\com\google\guava\listenablefuture\9999.0-empty-to-avoid-conflict-with-guava\listenablefuture-9999.0-empty-to-avoid-conflict-with-guava.jar;C:\Users\user\.m2\repository\com\google\code\findbugs\jsr305\3.0.2\jsr305-3.0.2.jar;C:\Users\user\.m2\repository\org\checkerframework\checker-qual\3.12.0\checker-qual-3.12.0.jar;C:\Users\user\.m2\repository\com\google\errorprone\error_prone_annotations\2.11.0\error_prone_annotations-2.11.0.jar;C:\Users\user\.m2\repository\com\google\j2objc\j2objc-annotations\1.3\j2objc-annotations-1.3.jar;C:\Users\user\.m2\repository\com\googlecode\owasp-java-html-sanitizer\owasp-java-html-sanitizer\20211018.2\owasp-java-html-sanitizer-20211018.2.jar;C:\Users\user\.m2\repository\commons-configuration\commons-configuration\1.10\commons-configuration-1.10.jar;C:\Users\user\.m2\repository\commons-lang\commons-lang\2.6\commons-lang-2.6.jar;C:\Users\user\.m2\repository\commons-logging\commons-logging\1.1.1\commons-logging-1.1.1.jar;C:\Users\user\.m2\repository\org\hamcrest\hamcrest-core\2.2\hamcrest-core-2.2.jar;C:\Users\user\.m2\repository\org\hamcrest\hamcrest\2.2\hamcrest-2.2.jar;C:\Users\user\.m2\repository\io\cucumber\gherkin\23.0.1\gherkin-23.0.1.jar;C:\Users\user\.m2\repository\io\cucumber\messages\18.0.0\messages-18.0.0.jar;C:\Users\user\.m2\repository\org\seleniumhq\selenium\selenium-java\4.2.1\selenium-java-4.2.1.jar;C:\Users\user\.m2\repository\org\seleniumhq\selenium\selenium-api\4.2.1\selenium-api-4.2.1.jar;C:\Users\user\.m2\repository\org\seleniumhq\selenium\selenium-chrome-driver\4.2.1\selenium-chrome-driver-4.2.1.jar;C:\Users\user\.m2\repository\com\google\auto\service\auto-service-annotations\1.0.1\auto-service-annotations-1.0.1.jar;C:\Users\user\.m2\repository\com\google\auto\service\auto-service\1.0.1\auto-service-1.0.1.jar;C:\Users\user\.m2\repository\com\google\auto\auto-common\1.2\auto-common-1.2.jar;C:\Users\user\.m2\repository\org\seleniumhq\selenium\selenium-chromium-driver\4.2.1\selenium-chromium-driver-4.2.1.jar;C:\Users\user\.m2\repository\org\seleniumhq\selenium\selenium-json\4.2.1\selenium-json-4.2.1.jar;C:\Users\user\.m2\repository\org\seleniumhq\selenium\selenium-devtools-v100\4.2.1\selenium-devtools-v100-4.2.1.jar;C:\Users\user\.m2\repository\org\seleniumhq\selenium\selenium-devtools-v101\4.2.1\selenium-devtools-v101-4.2.1.jar;C:\Users\user\.m2\repository\org\seleniumhq\selenium\selenium-devtools-v102\4.2.1\selenium-devtools-v102-4.2.1.jar;C:\Users\user\.m2\repository\org\seleniumhq\selenium\selenium-devtools-v85\4.2.1\selenium-devtools-v85-4.2.1.jar;C:\Users\user\.m2\repository\org\seleniumhq\selenium\selenium-edge-driver\4.2.1\selenium-edge-driver-4.2.1.jar;C:\Users\user\.m2\repository\org\seleniumhq\selenium\selenium-firefox-driver\4.2.1\selenium-firefox-driver-4.2.1.jar;C:\Users\user\.m2\repository\org\seleniumhq\selenium\selenium-ie-driver\4.2.1\selenium-ie-driver-4.2.1.jar;C:\Users\user\.m2\repository\org\seleniumhq\selenium\selenium-opera-driver\4.2.1\selenium-opera-driver-4.2.1.jar;C:\Users\user\.m2\repository\org\seleniumhq\selenium\selenium-remote-driver\4.2.1\selenium-remote-driver-4.2.1.jar;C:\Users\user\.m2\repository\io\netty\netty-buffer\4.1.77.Final\netty-buffer-4.1.77.Final.jar;C:\Users\user\.m2\repository\io\netty\netty-codec-http\4.1.77.Final\netty-codec-http-4.1.77.Final.jar;C:\Users\user\.m2\repository\io\netty\netty-codec\4.1.77.Final\netty-codec-4.1.77.Final.jar;C:\Users\user\.m2\repository\io\netty\netty-handler\4.1.77.Final\netty-handler-4.1.77.Final.jar;C:\Users\user\.m2\repository\io\netty\netty-common\4.1.77.Final\netty-common-4.1.77.Final.jar;C:\Users\user\.m2\repository\io\netty\netty-transport-classes-epoll\4.1.77.Final\netty-transport-classes-epoll-4.1.77.Final.jar;C:\Users\user\.m2\repository\io\netty\netty-transport-classes-kqueue\4.1.77.Final\netty-transport-classes-kqueue-4.1.77.Final.jar;C:\Users\user\.m2\repository\io\netty\netty-transport-native-epoll\4.1.77.Final\netty-transport-native-epoll-4.1.77.Final.jar;C:\Users\user\.m2\repository\io\netty\netty-transport-native-kqueue\4.1.77.Final\netty-transport-native-kqueue-4.1.77.Final.jar;C:\Users\user\.m2\repository\io\netty\netty-transport-native-unix-common\4.1.77.Final\netty-transport-native-unix-common-4.1.77.Final.jar;C:\Users\user\.m2\repository\io\netty\netty-transport\4.1.77.Final\netty-transport-4.1.77.Final.jar;C:\Users\user\.m2\repository\io\netty\netty-resolver\4.1.77.Final\netty-resolver-4.1.77.Final.jar;C:\Users\user\.m2\repository\io\opentelemetry\opentelemetry-api\1.14.0\opentelemetry-api-1.14.0.jar;C:\Users\user\.m2\repository\io\opentelemetry\opentelemetry-context\1.14.0\opentelemetry-context-1.14.0.jar;C:\Users\user\.m2\repository\io\opentelemetry\opentelemetry-exporter-logging\1.14.0\opentelemetry-exporter-logging-1.14.0.jar;C:\Users\user\.m2\repository\io\opentelemetry\opentelemetry-sdk-metrics\1.14.0\opentelemetry-sdk-metrics-1.14.0.jar;C:\Users\user\.m2\repository\io\opentelemetry\opentelemetry-sdk-logs\1.14.0-alpha\opentelemetry-sdk-logs-1.14.0-alpha.jar;C:\Users\user\.m2\repository\io\opentelemetry\opentelemetry-sdk-common\1.14.0\opentelemetry-sdk-common-1.14.0.jar;C:\Users\user\.m2\repository\io\opentelemetry\opentelemetry-sdk-extension-autoconfigure-spi\1.14.0\opentelemetry-sdk-extension-autoconfigure-spi-1.14.0.jar;C:\Users\user\.m2\repository\io\opentelemetry\opentelemetry-sdk-extension-autoconfigure\1.14.0-alpha\opentelemetry-sdk-extension-autoconfigure-1.14.0-alpha.jar;C:\Users\user\.m2\repository\io\opentelemetry\opentelemetry-sdk-trace\1.14.0\opentelemetry-sdk-trace-1.14.0.jar;C:\Users\user\.m2\repository\io\opentelemetry\opentelemetry-sdk\1.14.0\opentelemetry-sdk-1.14.0.jar;C:\Users\user\.m2\repository\io\opentelemetry\opentelemetry-semconv\1.14.0-alpha\opentelemetry-semconv-1.14.0-alpha.jar;C:\Users\user\.m2\repository\io\ous\jtoml\2.0.0\jtoml-2.0.0.jar;C:\Users\user\.m2\repository\net\bytebuddy\byte-buddy\1.12.10\byte-buddy-1.12.10.jar;C:\Users\user\.m2\repository\org\apache\commons\commons-exec\1.3\commons-exec-1.3.jar;C:\Users\user\.m2\repository\org\asynchttpclient\async-http-client\2.12.3\async-http-client-2.12.3.jar;C:\Users\user\.m2\repository\org\asynchttpclient\async-http-client-netty-utils\2.12.3\async-http-client-netty-utils-2.12.3.jar;C:\Users\user\.m2\repository\io\netty\netty-codec-socks\4.1.60.Final\netty-codec-socks-4.1.60.Final.jar;C:\Users\user\.m2\repository\io\netty\netty-handler-proxy\4.1.60.Final\netty-handler-proxy-4.1.60.Final.jar;C:\Users\user\.m2\repository\io\netty\netty-transport-native-epoll\4.1.60.Final\netty-transport-native-epoll-4.1.60.Final-linux-x86_64.jar;C:\Users\user\.m2\repository\io\netty\netty-transport-native-kqueue\4.1.60.Final\netty-transport-native-kqueue-4.1.60.Final-osx-x86_64.jar;C:\Users\user\.m2\repository\org\reactivestreams\reactive-streams\1.0.3\reactive-streams-1.0.3.jar;C:\Users\user\.m2\repository\com\typesafe\netty\netty-reactive-streams\2.0.4\netty-reactive-streams-2.0.4.jar;C:\Users\user\.m2\repository\com\sun\activation\jakarta.activation\1.2.2\jakarta.activation-1.2.2.jar;C:\Users\user\.m2\repository\org\seleniumhq\selenium\selenium-http\4.2.1\selenium-http-4.2.1.jar;C:\Users\user\.m2\repository\dev\failsafe\failsafe\3.2.4\failsafe-3.2.4.jar;C:\Users\user\.m2\repository\org\seleniumhq\selenium\selenium-safari-driver\4.2.1\selenium-safari-driver-4.2.1.jar;C:\Users\user\.m2\repository\org\seleniumhq\selenium\selenium-support\4.2.1\selenium-support-4.2.1.jar;C:\Users\user\.m2\repository\io\github\bonigarcia\webdrivermanager\5.2.0\webdrivermanager-5.2.0.jar;C:\Users\user\.m2\repository\com\google\code\gson\gson\2.9.0\gson-2.9.0.jar;C:\Users\user\.m2\repository\com\github\docker-java\docker-java\3.2.13\docker-java-3.2.13.jar;C:\Users\user\.m2\repository\com\github\docker-java\docker-java-core\3.2.13\docker-java-core-3.2.13.jar;C:\Users\user\.m2\repository\com\github\docker-java\docker-java-api\3.2.13\docker-java-api-3.2.13.jar;C:\Users\user\.m2\repository\org\apache\commons\commons-compress\1.21\commons-compress-1.21.jar;C:\Users\user\.m2\repository\org\bouncycastle\bcpkix-jdk15on\1.64\bcpkix-jdk15on-1.64.jar;C:\Users\user\.m2\repository\org\bouncycastle\bcprov-jdk15on\1.64\bcprov-jdk15on-1.64.jar;C:\Users\user\.m2\repository\org\slf4j\jcl-over-slf4j\1.7.30\jcl-over-slf4j-1.7.30.jar;C:\Users\user\.m2\repository\com\github\docker-java\docker-java-transport-httpclient5\3.2.13\docker-java-transport-httpclient5-3.2.13.jar;C:\Users\user\.m2\repository\com\github\docker-java\docker-java-transport\3.2.13\docker-java-transport-3.2.13.jar;C:\Users\user\.m2\repository\net\java\dev\jna\jna\5.8.0\jna-5.8.0.jar;C:\Users\user\.m2\repository\org\brotli\dec\0.1.2\dec-0.1.2.jar;C:\Users\user\.m2\repository\org\apache\httpcomponents\client5\httpclient5\5.1.3\httpclient5-5.1.3.jar;C:\Users\user\.m2\repository\org\apache\httpcomponents\core5\httpcore5\5.1.3\httpcore5-5.1.3.jar;C:\Users\user\.m2\repository\org\apache\httpcomponents\core5\httpcore5-h2\5.1.3\httpcore5-h2-5.1.3.jar;C:\Users\user\.m2\repository\commons-codec\commons-codec\1.15\commons-codec-1.15.jar;C:\Program Files\Java\jdk-17.0.4\lib\tools-1.5.0.jar;C:\Users\user\.m2\repository\commons-io\commons-io\2.11.0\commons-io-2.11.0.jar;C:\Users\user\.m2\repository\org\apache\logging\log4j\log4j-core\2.17.2\log4j-core-2.17.2.jar;C:\Users\user\.m2\repository\org\apache\logging\log4j\log4j-api\2.17.2\log4j-api-2.17.2.jar;C:\Users\user\.m2\repository\org\testng\testng\7.4.0\testng-7.4.0.jar;C:\Users\user\.m2\repository\com\beust\jcommander\1.78\jcommander-1.78.jar;C:\Users\user\.m2\repository\org\webjars\jquery\3.5.1\jquery-3.5.1.jar;C:\Users\user\.m2\repository\io\cucumber\cucumber-testng\7.3.4\cucumber-testng-7.3.4.jar;C:\Users\user\.m2\repository\tech\grasshopper\extentreports-cucumber7-adapter\1.7.0\extentreports-cucumber7-adapter-1.7.0.jar;C:\Users\user\.m2\repository\com\aventstack\extentreports\5.0.9\extentreports-5.0.9.jar;C:\Users\user\.m2\repository\io\reactivex\rxjava3\rxjava\3.0.4\rxjava-3.0.4.jar;C:\Users\user\.m2\repository\org\freemarker\freemarker\2.3.30\freemarker-2.3.30.jar;C:\Users\user\.m2\repository\org\projectlombok\lombok\1.18.12\lombok-1.18.12.jar;C:\Users\user\.m2\repository\tech\grasshopper\extent-pdf-report\2.7.0\extent-pdf-report-2.7.0.jar;C:\Users\user\.m2\repository\tech\grasshopper\cucumber-pdf-report\2.10.0\cucumber-pdf-report-2.10.0.jar;C:\Users\user\.m2\repository\org\apache\pdfbox\pdfbox\2.0.26\pdfbox-2.0.26.jar;C:\Users\user\.m2\repository\org\apache\pdfbox\fontbox\2.0.26\fontbox-2.0.26.jar;C:\Users\user\.m2\repository\org\knowm\xchart\xchart\3.8.0\xchart-3.8.0.jar;C:\Users\user\.m2\repository\de\erichseifert\vectorgraphics2d\VectorGraphics2D\0.13\VectorGraphics2D-0.13.jar;C:\Users\user\.m2\repository\de\rototor\pdfbox\graphics2d\0.30\graphics2d-0.30.jar;C:\Users\user\.m2\repository\com\madgag\animated-gif-lib\1.4\animated-gif-lib-1.4.jar;C:\Users\user\.m2\repository\org\yaml\snakeyaml\1.28\snakeyaml-1.28.jar;C:\Users\user\.m2\repository\tech\grasshopper\table-layout\1.5.1\table-layout-1.5.1.jar;C:\Users\user\.m2\repository\tech\grasshopper\rest-assured-cucumber-pdf-report\1.4.1\rest-assured-cucumber-pdf-report-1.4.1.jar;C:\Users\user\.m2\repository\com\aventstack\klov-reporter\5.0.9\klov-reporter-5.0.9.jar;C:\Users\user\.m2\repository\org\mongodb\mongodb-driver\3.6.4\mongodb-driver-3.6.4.jar;C:\Users\user\.m2\repository\org\mongodb\mongodb-driver-core\3.6.4\mongodb-driver-core-3.6.4.jar;C:\Users\user\.m2\repository\org\mongodb\bson\3.6.4\bson-3.6.4.jar;C:\Users\user\.m2\repository\org\apache\httpcomponents\httpclient\4.5.13\httpclient-4.5.13.jar;C:\Users\user\.m2\repository\org\apache\httpcomponents\httpcore\4.4.13\httpcore-4.4.13.jar;C:\Users\user\.m2\repository\org\apache\httpcomponents\httpmime\4.5.13\httpmime-4.5.13.jar;C:\Users\user\.m2\repository\tech\grasshopper\htmlextentreporter\1.0.1\htmlextentreporter-1.0.1.jar;"/>
    <property name="sun.cpu.endian" value="little"/>
    <property name="user.home" value="C:\Users\user"/>
    <property name="user.language" value="en"/>
    <property name="java.specification.vendor" value="Oracle Corporation"/>
    <property name="java.version.date" value="2022-07-19"/>
    <property name="java.home" value="C:\Program Files\Java\jdk-17.0.4"/>
    <property name="file.separator" value="\"/>
    <property name="basedir" value="C:\Users\user\Desktop\workspace\CucmberFrameWork"/>
    <property name="java.vm.compressedOopsMode" value="Zero based"/>
    <property name="line.separator" value="&#10;"/>
    <property name="java.vm.specification.vendor" value="Oracle Corporation"/>
    <property name="java.specification.name" value="Java Platform API Specification"/>
    <property name="surefire.real.class.path" value="C:\Users\user\AppData\Local\Temp\surefire2991627393471259121\surefirebooter-20220830011203652_3.jar"/>
    <property name="user.script" value=""/>
    <property name="sun.management.compiler" value="HotSpot 64-Bit Tiered Compilers"/>
    <property name="java.runtime.version" value="17.0.4+11-LTS-179"/>
    <property name="user.name" value="user"/>
    <property name="path.separator" value=";"/>
    <property name="os.version" value="10.0"/>
    <property name="java.runtime.name" value="Java(TM) SE Runtime Environment"/>
    <property name="file.encoding" value="Cp1252"/>
    <property name="java.vm.name" value="Java HotSpot(TM) 64-Bit Server VM"/>
    <property name="localRepository" value="C:\Users\user\.m2\repository"/>
    <property name="java.vendor.url.bug" value="https://bugreport.java.com/bugreport/"/>
    <property name="java.io.tmpdir" value="C:\Users\user\AppData\Local\Temp\"/>
    <property name="java.version" value="17.0.4"/>
    <property name="user.dir" value="C:\Users\user\Desktop\workspace\CucmberFrameWork"/>
    <property name="os.arch" value="amd64"/>
    <property name="java.vm.specification.name" value="Java Virtual Machine Specification"/>
    <property name="sun.os.patch.level" value=""/>
    <property name="native.encoding" value="Cp1252"/>
    <property name="java.library.path" value="C:\Program Files\Java\jdk-17.0.4\bin;C:\Windows\Sun\Java\bin;C:\Windows\system32;C:\Windows;C:\Program Files\Common Files\Oracle\Java\javapath;C:\Windows\system32;C:\Windows;C:\Windows\System32\Wbem;C:\Windows\System32\WindowsPowerShell\v1.0\;C:\Windows\System32\OpenSSH\;C:\Program Files (x86)\NVIDIA Corporation\PhysX\Common;C:\Program Files\PuTTY\;C:\Program Files\dotnet\;C:\Program Files\Java\jdk-17.0.4\bin;C:\apache-maven-3.8.6\bin;C:\apache-maven-3.8.6\bin;C:\apache-maven-3.8.6\bin;C:\Users\user\AppData\Local\Programs\Python\Python310\Scripts\;C:\Users\user\AppData\Local\Programs\Python\Python310\;C:\Users\user\AppData\Local\Microsoft\WindowsApps;C:\Users\user\AppData\Local\Programs\Microsoft VS Code\bin;C:\Users\user\AppData\Local\Google\Cloud SDK\google-cloud-sdk\bin;."/>
    <property name="java.vm.info" value="mixed mode, sharing"/>
    <property name="java.vendor" value="Oracle Corporation"/>
    <property name="java.vm.version" value="17.0.4+11-LTS-179"/>
    <property name="sun.io.unicode.encoding" value="UnicodeLittle"/>
    <property name="java.class.version" value="61.0"/>
  </properties>
  <testcase name="runScenario[&quot;Search Customer by Email&quot;, &quot;Customers&quot;](1)" classname="TestRunner.Run" time="18.524">
    <system-out><![CDATA[Setup-Sanity method executed..
[DEBUG] Resolution chrome=104 in cache (valid until 01:49:58 30/08/2022 IST)
[DEBUG] Resolution chrome104=104.0.5112.79 in cache (valid until 12:28:36 30/08/2022 IST)
[INFO] Using chromedriver 104.0.5112.79 (resolved driver for Chrome 104)
[DEBUG] Driver chromedriver 104.0.5112.79 found in cache
[INFO] Exporting webdriver.chrome.driver as C:\Users\user\.cache\selenium\chromedriver\win32\104.0.5112.79\chromedriver.exe
[DEBUG] Using SLF4J as the default logging framework
[DEBUG] -Dio.netty.leakDetection.level: simple
[DEBUG] -Dio.netty.leakDetection.targetRecords: 4
[DEBUG] Loaded default ResourceLeakDetector: io.netty.util.ResourceLeakDetector@210d2a6c
[DEBUG] -Dio.netty.noUnsafe: false
[DEBUG] Java version: 17
[DEBUG] sun.misc.Unsafe.theUnsafe: available
[DEBUG] sun.misc.Unsafe.copyMemory: available
[DEBUG] sun.misc.Unsafe.storeFence: available
[DEBUG] java.nio.Buffer.address: available
[DEBUG] direct buffer constructor: unavailable: Reflective setAccessible(true) disabled
[DEBUG] java.nio.Bits.unaligned: available, true
[DEBUG] jdk.internal.misc.Unsafe.allocateUninitializedArray(int): unavailable: class io.netty.util.internal.PlatformDependent0$7 cannot access class jdk.internal.misc.Unsafe (in module java.base) because module java.base does not export jdk.internal.misc to unnamed module @3108bc
[DEBUG] java.nio.DirectByteBuffer.<init>(long, int): unavailable
[DEBUG] sun.misc.Unsafe: available
[DEBUG] maxDirectMemory: 3202351104 bytes (maybe)
[DEBUG] -Dio.netty.tmpdir: C:\Users\user\AppData\Local\Temp (java.io.tmpdir)
[DEBUG] -Dio.netty.bitMode: 64 (sun.arch.data.model)
[DEBUG] Platform: Windows
[DEBUG] -Dio.netty.maxDirectMemory: -1 bytes
[DEBUG] -Dio.netty.uninitializedArrayAllocationThreshold: -1
[DEBUG] java.nio.ByteBuffer.cleaner(): available
[DEBUG] -Dio.netty.noPreferDirect: false
[DEBUG] org.jctools-core.MpscChunkedArrayQueue: available
[DEBUG] -Dio.netty.threadLocalMap.stringBuilder.initialSize: 1024
[DEBUG] -Dio.netty.threadLocalMap.stringBuilder.maxSize: 4096
[DEBUG] Default protocols (JDK): [TLSv1.3, TLSv1.2] 
[DEBUG] Default cipher suites (JDK): [TLS_ECDHE_ECDSA_WITH_AES_256_GCM_SHA384, TLS_ECDHE_ECDSA_WITH_AES_128_GCM_SHA256, TLS_ECDHE_RSA_WITH_AES_128_GCM_SHA256, TLS_ECDHE_RSA_WITH_AES_256_GCM_SHA384, TLS_ECDHE_RSA_WITH_AES_128_CBC_SHA, TLS_ECDHE_RSA_WITH_AES_256_CBC_SHA, TLS_RSA_WITH_AES_128_GCM_SHA256, TLS_RSA_WITH_AES_128_CBC_SHA, TLS_RSA_WITH_AES_256_CBC_SHA, TLS_AES_128_GCM_SHA256, TLS_AES_256_GCM_SHA384]
[DEBUG] -Dio.netty.eventLoopThreads: 8
[DEBUG] -Dio.netty.noKeySetOptimization: false
[DEBUG] -Dio.netty.selectorAutoRebuildThreshold: 512
[DEBUG] -Dio.netty.allocator.numHeapArenas: 8
[DEBUG] -Dio.netty.allocator.numDirectArenas: 8
[DEBUG] -Dio.netty.allocator.pageSize: 8192
[DEBUG] -Dio.netty.allocator.maxOrder: 9
[DEBUG] -Dio.netty.allocator.chunkSize: 4194304
[DEBUG] -Dio.netty.allocator.smallCacheSize: 256
[DEBUG] -Dio.netty.allocator.normalCacheSize: 64
[DEBUG] -Dio.netty.allocator.maxCachedBufferCapacity: 32768
[DEBUG] -Dio.netty.allocator.cacheTrimInterval: 8192
[DEBUG] -Dio.netty.allocator.cacheTrimIntervalMillis: 0
[DEBUG] -Dio.netty.allocator.useCacheForAllThreads: false
[DEBUG] -Dio.netty.allocator.maxCachedByteBuffersPerChunk: 1023
[DEBUG] -Dio.netty.allocator.type: pooled
[DEBUG] -Dio.netty.threadLocalDirectBufferSize: 0
[DEBUG] -Dio.netty.maxThreadLocalCharBufferSize: 16384
[DEBUG] -Dio.netty.processId: 11328 (auto-detected)
[DEBUG] -Djava.net.preferIPv4Stack: false
[DEBUG] -Djava.net.preferIPv6Addresses: false
[DEBUG] Loopback interface: lo (Software Loopback Interface 1, 127.0.0.1)
[DEBUG] Failed to get SOMAXCONN from sysctl and file \proc\sys\net\core\somaxconn. Default: 200
[DEBUG] -Dio.netty.machineId: 74:29:af:ff:fe:60:7b:df (auto-detected)
[DEBUG] -Dio.netty.buffer.checkAccessible: true
[DEBUG] -Dio.netty.buffer.checkBounds: true
[DEBUG] Loaded default ResourceLeakDetector: io.netty.util.ResourceLeakDetector@8037d2f
[DEBUG] Using new Channel '[id: 0x76f1ecb8, L:/127.0.0.1:59210 - R:localhost/127.0.0.1:63373]' for 'POST' to '/session'
[DEBUG] -Dio.netty.recycler.maxCapacityPerThread: 4096
[DEBUG] -Dio.netty.recycler.ratio: 8
[DEBUG] -Dio.netty.recycler.chunkSize: 32
[DEBUG] -Dio.netty.recycler.blocking: false
[DEBUG] brotli4j not in the classpath; Brotli support will be unavailable.
[DEBUG] 

Request DefaultHttpRequest(decodeResult: success, version: HTTP/1.1)
POST /session HTTP/1.1
User-Agent: selenium/4.2.1 (java windows)
Content-Length: 365
Content-Type: application/json; charset=utf-8
host: localhost:63373
accept: */*

Response DefaultHttpResponse(decodeResult: success, version: HTTP/1.1)
HTTP/1.1 200 OK
Content-Type: application/json; charset=utf-8
cache-control: no-cache
content-length: 790

[DEBUG] Adding key: http://localhost:63373 for channel [id: 0x76f1ecb8, L:/127.0.0.1:59210 - R:localhost/127.0.0.1:63373]
[DEBUG] Using new Channel '[id: 0x92485678, L:/127.0.0.1:59219 - R:localhost/127.0.0.1:59211]' for 'GET' to '/json/version'
[DEBUG] 

Request DefaultFullHttpRequest(decodeResult: success, version: HTTP/1.1, content: EmptyByteBufBE)
GET /json/version HTTP/1.1
User-Agent: selenium/4.2.1 (java windows)
host: localhost:59211
accept: */*

Response DefaultHttpResponse(decodeResult: success, version: HTTP/1.1)
HTTP/1.1 200 OK
Content-Type: application/json; charset=UTF-8
content-length: 429

[DEBUG] Adding key: http://localhost:59211 for channel [id: 0x92485678, L:/127.0.0.1:59219 - R:localhost/127.0.0.1:59211]
[DEBUG] -Dio.netty.initialSeedUniquifier: 0x61033bc41d514b99
[DEBUG] Using new Channel '[id: 0x682d9856, L:/127.0.0.1:59220 - R:localhost/127.0.0.1:59211]' for 'GET' to '/devtools/browser/c97461a5-6031-4b4b-975f-087b92cf256d'
[DEBUG] 

Request DefaultFullHttpRequest(decodeResult: success, version: HTTP/1.1, content: EmptyByteBufBE)
GET /devtools/browser/c97461a5-6031-4b4b-975f-087b92cf256d HTTP/1.1
upgrade: websocket
connection: upgrade
sec-websocket-key: yPj9PJIyl3WOGnt1Yt1+rg==
sec-websocket-version: 13
origin: http://localhost:59211
host: localhost:59211
accept: */*
user-agent: AHC/2.1

Response DefaultHttpResponse(decodeResult: success, version: HTTP/1.1)
HTTP/1.1 101 WebSocket Protocol Handshake
Upgrade: WebSocket
Connection: Upgrade
Sec-WebSocket-Accept: RSu67v1aecX3G4mQenX2Dd6RKNU=

[INFO ] 2022-08-30 01:12:09.942 [main] StepDef - Setup executed...
[INFO ] 2022-08-30 01:12:09.999 [main] StepDef - launched Chrome Browser...
[DEBUG] Using pooled Channel '[id: 0x76f1ecb8, L:/127.0.0.1:59210 - R:localhost/127.0.0.1:63373]' for 'POST' to 'http://localhost:63373/session/fa50bf5430b24041e686458a7a9c2e6d/url'
[DEBUG] Using open Channel [id: 0x76f1ecb8, L:/127.0.0.1:59210 - R:localhost/127.0.0.1:63373] for POST '/session/fa50bf5430b24041e686458a7a9c2e6d/url'
[DEBUG] Entry count for : http://localhost:59211 : 1
[DEBUG] Entry count for : http://localhost:59211 : 1
[DEBUG] Entry count for : http://localhost:59211 : 1
[DEBUG] 

Request DefaultHttpRequest(decodeResult: success, version: HTTP/1.1)
POST /session/fa50bf5430b24041e686458a7a9c2e6d/url HTTP/1.1
User-Agent: selenium/4.2.1 (java windows)
Content-Length: 69
Content-Type: application/json; charset=utf-8
host: localhost:63373
accept: */*

Response DefaultHttpResponse(decodeResult: success, version: HTTP/1.1)
HTTP/1.1 200 OK
Content-Type: application/json; charset=utf-8
cache-control: no-cache
content-length: 14

[DEBUG] Adding key: http://localhost:63373 for channel [id: 0x76f1ecb8, L:/127.0.0.1:59210 - R:localhost/127.0.0.1:63373]
[DEBUG] Using pooled Channel '[id: 0x76f1ecb8, L:/127.0.0.1:59210 - R:localhost/127.0.0.1:63373]' for 'POST' to 'http://localhost:63373/session/fa50bf5430b24041e686458a7a9c2e6d/window/maximize'
[DEBUG] Using open Channel [id: 0x76f1ecb8, L:/127.0.0.1:59210 - R:localhost/127.0.0.1:63373] for POST '/session/fa50bf5430b24041e686458a7a9c2e6d/window/maximize'
[DEBUG] 

Request DefaultHttpRequest(decodeResult: success, version: HTTP/1.1)
POST /session/fa50bf5430b24041e686458a7a9c2e6d/window/maximize HTTP/1.1
User-Agent: selenium/4.2.1 (java windows)
Content-Length: 3
Content-Type: application/json; charset=utf-8
host: localhost:63373
accept: */*

Response DefaultHttpResponse(decodeResult: success, version: HTTP/1.1)
HTTP/1.1 200 OK
Content-Type: application/json; charset=utf-8
cache-control: no-cache
content-length: 51

[DEBUG] Adding key: http://localhost:63373 for channel [id: 0x76f1ecb8, L:/127.0.0.1:59210 - R:localhost/127.0.0.1:63373]
[DEBUG] Using pooled Channel '[id: 0x76f1ecb8, L:/127.0.0.1:59210 - R:localhost/127.0.0.1:63373]' for 'POST' to 'http://localhost:63373/session/fa50bf5430b24041e686458a7a9c2e6d/timeouts'
[DEBUG] Using open Channel [id: 0x76f1ecb8, L:/127.0.0.1:59210 - R:localhost/127.0.0.1:63373] for POST '/session/fa50bf5430b24041e686458a7a9c2e6d/timeouts'
[DEBUG] 

Request DefaultHttpRequest(decodeResult: success, version: HTTP/1.1)
POST /session/fa50bf5430b24041e686458a7a9c2e6d/timeouts HTTP/1.1
User-Agent: selenium/4.2.1 (java windows)
Content-Length: 23
Content-Type: application/json; charset=utf-8
host: localhost:63373
accept: */*

Response DefaultHttpResponse(decodeResult: success, version: HTTP/1.1)
HTTP/1.1 200 OK
Content-Type: application/json; charset=utf-8
cache-control: no-cache
content-length: 14

[DEBUG] Adding key: http://localhost:63373 for channel [id: 0x76f1ecb8, L:/127.0.0.1:59210 - R:localhost/127.0.0.1:63373]
[INFO ] 2022-08-30 01:12:12.640 [main] StepDef - url Open...
[DEBUG] Using pooled Channel '[id: 0x76f1ecb8, L:/127.0.0.1:59210 - R:localhost/127.0.0.1:63373]' for 'POST' to 'http://localhost:63373/session/fa50bf5430b24041e686458a7a9c2e6d/element'
[DEBUG] Using open Channel [id: 0x76f1ecb8, L:/127.0.0.1:59210 - R:localhost/127.0.0.1:63373] for POST '/session/fa50bf5430b24041e686458a7a9c2e6d/element'
[DEBUG] 

Request DefaultHttpRequest(decodeResult: success, version: HTTP/1.1)
POST /session/fa50bf5430b24041e686458a7a9c2e6d/element HTTP/1.1
User-Agent: selenium/4.2.1 (java windows)
Content-Length: 50
Content-Type: application/json; charset=utf-8
host: localhost:63373
accept: */*

Response DefaultHttpResponse(decodeResult: success, version: HTTP/1.1)
HTTP/1.1 200 OK
Content-Type: application/json; charset=utf-8
cache-control: no-cache
content-length: 88

[DEBUG] Adding key: http://localhost:63373 for channel [id: 0x76f1ecb8, L:/127.0.0.1:59210 - R:localhost/127.0.0.1:63373]
[DEBUG] Using pooled Channel '[id: 0x76f1ecb8, L:/127.0.0.1:59210 - R:localhost/127.0.0.1:63373]' for 'POST' to 'http://localhost:63373/session/fa50bf5430b24041e686458a7a9c2e6d/element/ce63aee6-9cf8-454b-ac62-dbc05ad2bf4e/clear'
[DEBUG] Using open Channel [id: 0x76f1ecb8, L:/127.0.0.1:59210 - R:localhost/127.0.0.1:63373] for POST '/session/fa50bf5430b24041e686458a7a9c2e6d/element/ce63aee6-9cf8-454b-ac62-dbc05ad2bf4e/clear'
[DEBUG] 

Request DefaultHttpRequest(decodeResult: success, version: HTTP/1.1)
POST /session/fa50bf5430b24041e686458a7a9c2e6d/element/ce63aee6-9cf8-454b-ac62-dbc05ad2bf4e/clear HTTP/1.1
User-Agent: selenium/4.2.1 (java windows)
Content-Length: 50
Content-Type: application/json; charset=utf-8
host: localhost:63373
accept: */*

Response DefaultHttpResponse(decodeResult: success, version: HTTP/1.1)
HTTP/1.1 200 OK
Content-Type: application/json; charset=utf-8
cache-control: no-cache
content-length: 14

[DEBUG] Adding key: http://localhost:63373 for channel [id: 0x76f1ecb8, L:/127.0.0.1:59210 - R:localhost/127.0.0.1:63373]
[DEBUG] Using pooled Channel '[id: 0x76f1ecb8, L:/127.0.0.1:59210 - R:localhost/127.0.0.1:63373]' for 'POST' to 'http://localhost:63373/session/fa50bf5430b24041e686458a7a9c2e6d/element'
[DEBUG] Using open Channel [id: 0x76f1ecb8, L:/127.0.0.1:59210 - R:localhost/127.0.0.1:63373] for POST '/session/fa50bf5430b24041e686458a7a9c2e6d/element'
[DEBUG] 

Request DefaultHttpRequest(decodeResult: success, version: HTTP/1.1)
POST /session/fa50bf5430b24041e686458a7a9c2e6d/element HTTP/1.1
User-Agent: selenium/4.2.1 (java windows)
Content-Length: 50
Content-Type: application/json; charset=utf-8
host: localhost:63373
accept: */*

Response DefaultHttpResponse(decodeResult: success, version: HTTP/1.1)
HTTP/1.1 200 OK
Content-Type: application/json; charset=utf-8
cache-control: no-cache
content-length: 88

[DEBUG] Adding key: http://localhost:63373 for channel [id: 0x76f1ecb8, L:/127.0.0.1:59210 - R:localhost/127.0.0.1:63373]
[DEBUG] Using pooled Channel '[id: 0x76f1ecb8, L:/127.0.0.1:59210 - R:localhost/127.0.0.1:63373]' for 'POST' to 'http://localhost:63373/session/fa50bf5430b24041e686458a7a9c2e6d/element/ce63aee6-9cf8-454b-ac62-dbc05ad2bf4e/value'
[DEBUG] Using open Channel [id: 0x76f1ecb8, L:/127.0.0.1:59210 - R:localhost/127.0.0.1:63373] for POST '/session/fa50bf5430b24041e686458a7a9c2e6d/element/ce63aee6-9cf8-454b-ac62-dbc05ad2bf4e/value'
[DEBUG] 

Request DefaultHttpRequest(decodeResult: success, version: HTTP/1.1)
POST /session/fa50bf5430b24041e686458a7a9c2e6d/element/ce63aee6-9cf8-454b-ac62-dbc05ad2bf4e/value HTTP/1.1
User-Agent: selenium/4.2.1 (java windows)
Content-Length: 271
Content-Type: application/json; charset=utf-8
host: localhost:63373
accept: */*

Response DefaultHttpResponse(decodeResult: success, version: HTTP/1.1)
HTTP/1.1 200 OK
Content-Type: application/json; charset=utf-8
cache-control: no-cache
content-length: 14

[DEBUG] Adding key: http://localhost:63373 for channel [id: 0x76f1ecb8, L:/127.0.0.1:59210 - R:localhost/127.0.0.1:63373]
[DEBUG] Using pooled Channel '[id: 0x76f1ecb8, L:/127.0.0.1:59210 - R:localhost/127.0.0.1:63373]' for 'POST' to 'http://localhost:63373/session/fa50bf5430b24041e686458a7a9c2e6d/element'
[DEBUG] Using open Channel [id: 0x76f1ecb8, L:/127.0.0.1:59210 - R:localhost/127.0.0.1:63373] for POST '/session/fa50bf5430b24041e686458a7a9c2e6d/element'
[DEBUG] 

Request DefaultHttpRequest(decodeResult: success, version: HTTP/1.1)
POST /session/fa50bf5430b24041e686458a7a9c2e6d/element HTTP/1.1
User-Agent: selenium/4.2.1 (java windows)
Content-Length: 53
Content-Type: application/json; charset=utf-8
host: localhost:63373
accept: */*

Response DefaultHttpResponse(decodeResult: success, version: HTTP/1.1)
HTTP/1.1 200 OK
Content-Type: application/json; charset=utf-8
cache-control: no-cache
content-length: 88

[DEBUG] Adding key: http://localhost:63373 for channel [id: 0x76f1ecb8, L:/127.0.0.1:59210 - R:localhost/127.0.0.1:63373]
[DEBUG] Using pooled Channel '[id: 0x76f1ecb8, L:/127.0.0.1:59210 - R:localhost/127.0.0.1:63373]' for 'POST' to 'http://localhost:63373/session/fa50bf5430b24041e686458a7a9c2e6d/element/d1d647eb-0a19-40f0-8461-943b8441b530/clear'
[DEBUG] Using open Channel [id: 0x76f1ecb8, L:/127.0.0.1:59210 - R:localhost/127.0.0.1:63373] for POST '/session/fa50bf5430b24041e686458a7a9c2e6d/element/d1d647eb-0a19-40f0-8461-943b8441b530/clear'
[DEBUG] 

Request DefaultHttpRequest(decodeResult: success, version: HTTP/1.1)
POST /session/fa50bf5430b24041e686458a7a9c2e6d/element/d1d647eb-0a19-40f0-8461-943b8441b530/clear HTTP/1.1
User-Agent: selenium/4.2.1 (java windows)
Content-Length: 50
Content-Type: application/json; charset=utf-8
host: localhost:63373
accept: */*

Response DefaultHttpResponse(decodeResult: success, version: HTTP/1.1)
HTTP/1.1 200 OK
Content-Type: application/json; charset=utf-8
cache-control: no-cache
content-length: 14

[DEBUG] Adding key: http://localhost:63373 for channel [id: 0x76f1ecb8, L:/127.0.0.1:59210 - R:localhost/127.0.0.1:63373]
[DEBUG] Using pooled Channel '[id: 0x76f1ecb8, L:/127.0.0.1:59210 - R:localhost/127.0.0.1:63373]' for 'POST' to 'http://localhost:63373/session/fa50bf5430b24041e686458a7a9c2e6d/element'
[DEBUG] Using open Channel [id: 0x76f1ecb8, L:/127.0.0.1:59210 - R:localhost/127.0.0.1:63373] for POST '/session/fa50bf5430b24041e686458a7a9c2e6d/element'
[DEBUG] 

Request DefaultHttpRequest(decodeResult: success, version: HTTP/1.1)
POST /session/fa50bf5430b24041e686458a7a9c2e6d/element HTTP/1.1
User-Agent: selenium/4.2.1 (java windows)
Content-Length: 53
Content-Type: application/json; charset=utf-8
host: localhost:63373
accept: */*

Response DefaultHttpResponse(decodeResult: success, version: HTTP/1.1)
HTTP/1.1 200 OK
Content-Type: application/json; charset=utf-8
cache-control: no-cache
content-length: 88

[DEBUG] Adding key: http://localhost:63373 for channel [id: 0x76f1ecb8, L:/127.0.0.1:59210 - R:localhost/127.0.0.1:63373]
[DEBUG] Using pooled Channel '[id: 0x76f1ecb8, L:/127.0.0.1:59210 - R:localhost/127.0.0.1:63373]' for 'POST' to 'http://localhost:63373/session/fa50bf5430b24041e686458a7a9c2e6d/element/d1d647eb-0a19-40f0-8461-943b8441b530/value'
[DEBUG] Using open Channel [id: 0x76f1ecb8, L:/127.0.0.1:59210 - R:localhost/127.0.0.1:63373] for POST '/session/fa50bf5430b24041e686458a7a9c2e6d/element/d1d647eb-0a19-40f0-8461-943b8441b530/value'
[DEBUG] 

Request DefaultHttpRequest(decodeResult: success, version: HTTP/1.1)
POST /session/fa50bf5430b24041e686458a7a9c2e6d/element/d1d647eb-0a19-40f0-8461-943b8441b530/value HTTP/1.1
User-Agent: selenium/4.2.1 (java windows)
Content-Length: 131
Content-Type: application/json; charset=utf-8
host: localhost:63373
accept: */*

Response DefaultHttpResponse(decodeResult: success, version: HTTP/1.1)
HTTP/1.1 200 OK
Content-Type: application/json; charset=utf-8
cache-control: no-cache
content-length: 14

[DEBUG] Adding key: http://localhost:63373 for channel [id: 0x76f1ecb8, L:/127.0.0.1:59210 - R:localhost/127.0.0.1:63373]
[INFO ] 2022-08-30 01:12:12.968 [main] StepDef - Enter Email- Password...
[DEBUG] Using pooled Channel '[id: 0x76f1ecb8, L:/127.0.0.1:59210 - R:localhost/127.0.0.1:63373]' for 'POST' to 'http://localhost:63373/session/fa50bf5430b24041e686458a7a9c2e6d/element'
[DEBUG] Using open Channel [id: 0x76f1ecb8, L:/127.0.0.1:59210 - R:localhost/127.0.0.1:63373] for POST '/session/fa50bf5430b24041e686458a7a9c2e6d/element'
[DEBUG] 

Request DefaultHttpRequest(decodeResult: success, version: HTTP/1.1)
POST /session/fa50bf5430b24041e686458a7a9c2e6d/element HTTP/1.1
User-Agent: selenium/4.2.1 (java windows)
Content-Length: 87
Content-Type: application/json; charset=utf-8
host: localhost:63373
accept: */*

Response DefaultHttpResponse(decodeResult: success, version: HTTP/1.1)
HTTP/1.1 200 OK
Content-Type: application/json; charset=utf-8
cache-control: no-cache
content-length: 88

[DEBUG] Adding key: http://localhost:63373 for channel [id: 0x76f1ecb8, L:/127.0.0.1:59210 - R:localhost/127.0.0.1:63373]
[DEBUG] Using pooled Channel '[id: 0x76f1ecb8, L:/127.0.0.1:59210 - R:localhost/127.0.0.1:63373]' for 'POST' to 'http://localhost:63373/session/fa50bf5430b24041e686458a7a9c2e6d/element/fd0284e1-e4f1-4e08-a429-dc2b93b6f7fd/click'
[DEBUG] Using open Channel [id: 0x76f1ecb8, L:/127.0.0.1:59210 - R:localhost/127.0.0.1:63373] for POST '/session/fa50bf5430b24041e686458a7a9c2e6d/element/fd0284e1-e4f1-4e08-a429-dc2b93b6f7fd/click'
[DEBUG] Entry count for : http://localhost:59211 : 1
[DEBUG] Entry count for : http://localhost:59211 : 1
[DEBUG] Entry count for : http://localhost:59211 : 1
[DEBUG] Entry count for : http://localhost:59211 : 1
[DEBUG] 

Request DefaultHttpRequest(decodeResult: success, version: HTTP/1.1)
POST /session/fa50bf5430b24041e686458a7a9c2e6d/element/fd0284e1-e4f1-4e08-a429-dc2b93b6f7fd/click HTTP/1.1
User-Agent: selenium/4.2.1 (java windows)
Content-Length: 50
Content-Type: application/json; charset=utf-8
host: localhost:63373
accept: */*

Response DefaultHttpResponse(decodeResult: success, version: HTTP/1.1)
HTTP/1.1 200 OK
Content-Type: application/json; charset=utf-8
cache-control: no-cache
content-length: 14

[DEBUG] Adding key: http://localhost:63373 for channel [id: 0x76f1ecb8, L:/127.0.0.1:59210 - R:localhost/127.0.0.1:63373]
[INFO ] 2022-08-30 01:12:17.479 [main] StepDef - Login Button Clicked...
[DEBUG] Entry count for : http://localhost:59211 : 1
[DEBUG] Entry count for : http://localhost:63373 : 1
[DEBUG] Entry count for : http://localhost:59211 : 1
[DEBUG] Entry count for : http://localhost:63373 : 1
[DEBUG] Using pooled Channel '[id: 0x76f1ecb8, L:/127.0.0.1:59210 - R:localhost/127.0.0.1:63373]' for 'GET' to 'http://localhost:63373/session/fa50bf5430b24041e686458a7a9c2e6d/title'
[DEBUG] Using open Channel [id: 0x76f1ecb8, L:/127.0.0.1:59210 - R:localhost/127.0.0.1:63373] for GET '/session/fa50bf5430b24041e686458a7a9c2e6d/title'
[DEBUG] 

Request DefaultFullHttpRequest(decodeResult: success, version: HTTP/1.1, content: EmptyByteBufBE)
GET /session/fa50bf5430b24041e686458a7a9c2e6d/title HTTP/1.1
User-Agent: selenium/4.2.1 (java windows)
Cache-Control: no-cache
Content-Type: application/json; charset=utf-8
host: localhost:63373
accept: */*

Response DefaultHttpResponse(decodeResult: success, version: HTTP/1.1)
HTTP/1.1 200 OK
Content-Type: application/json; charset=utf-8
cache-control: no-cache
content-length: 50

[DEBUG] Adding key: http://localhost:63373 for channel [id: 0x76f1ecb8, L:/127.0.0.1:59210 - R:localhost/127.0.0.1:63373]
[INFO ] 2022-08-30 01:12:19.517 [main] StepDef - Test Passed : User_can_view_dashboad...
[DEBUG] Using pooled Channel '[id: 0x76f1ecb8, L:/127.0.0.1:59210 - R:localhost/127.0.0.1:63373]' for 'POST' to 'http://localhost:63373/session/fa50bf5430b24041e686458a7a9c2e6d/element'
[DEBUG] Using open Channel [id: 0x76f1ecb8, L:/127.0.0.1:59210 - R:localhost/127.0.0.1:63373] for POST '/session/fa50bf5430b24041e686458a7a9c2e6d/element'
[DEBUG] 

Request DefaultHttpRequest(decodeResult: success, version: HTTP/1.1)
POST /session/fa50bf5430b24041e686458a7a9c2e6d/element HTTP/1.1
User-Agent: selenium/4.2.1 (java windows)
Content-Length: 104
Content-Type: application/json; charset=utf-8
host: localhost:63373
accept: */*

Response DefaultHttpResponse(decodeResult: success, version: HTTP/1.1)
HTTP/1.1 200 OK
Content-Type: application/json; charset=utf-8
cache-control: no-cache
content-length: 88

[DEBUG] Adding key: http://localhost:63373 for channel [id: 0x76f1ecb8, L:/127.0.0.1:59210 - R:localhost/127.0.0.1:63373]
[DEBUG] Using pooled Channel '[id: 0x76f1ecb8, L:/127.0.0.1:59210 - R:localhost/127.0.0.1:63373]' for 'POST' to 'http://localhost:63373/session/fa50bf5430b24041e686458a7a9c2e6d/element/916ad3ef-da6d-4027-b0f0-10678ad67726/click'
[DEBUG] Using open Channel [id: 0x76f1ecb8, L:/127.0.0.1:59210 - R:localhost/127.0.0.1:63373] for POST '/session/fa50bf5430b24041e686458a7a9c2e6d/element/916ad3ef-da6d-4027-b0f0-10678ad67726/click'
[DEBUG] 

Request DefaultHttpRequest(decodeResult: success, version: HTTP/1.1)
POST /session/fa50bf5430b24041e686458a7a9c2e6d/element/916ad3ef-da6d-4027-b0f0-10678ad67726/click HTTP/1.1
User-Agent: selenium/4.2.1 (java windows)
Content-Length: 50
Content-Type: application/json; charset=utf-8
host: localhost:63373
accept: */*

Response DefaultHttpResponse(decodeResult: success, version: HTTP/1.1)
HTTP/1.1 200 OK
Content-Type: application/json; charset=utf-8
cache-control: no-cache
content-length: 14

[DEBUG] Adding key: http://localhost:63373 for channel [id: 0x76f1ecb8, L:/127.0.0.1:59210 - R:localhost/127.0.0.1:63373]
[INFO ] 2022-08-30 01:12:19.663 [main] StepDef - Clicked on Customers Menu...
[DEBUG] Using pooled Channel '[id: 0x76f1ecb8, L:/127.0.0.1:59210 - R:localhost/127.0.0.1:63373]' for 'POST' to 'http://localhost:63373/session/fa50bf5430b24041e686458a7a9c2e6d/element'
[DEBUG] Using open Channel [id: 0x76f1ecb8, L:/127.0.0.1:59210 - R:localhost/127.0.0.1:63373] for POST '/session/fa50bf5430b24041e686458a7a9c2e6d/element'
[DEBUG] 

Request DefaultHttpRequest(decodeResult: success, version: HTTP/1.1)
POST /session/fa50bf5430b24041e686458a7a9c2e6d/element HTTP/1.1
User-Agent: selenium/4.2.1 (java windows)
Content-Length: 138
Content-Type: application/json; charset=utf-8
host: localhost:63373
accept: */*

Response DefaultHttpResponse(decodeResult: success, version: HTTP/1.1)
HTTP/1.1 200 OK
Content-Type: application/json; charset=utf-8
cache-control: no-cache
content-length: 88

[DEBUG] Adding key: http://localhost:63373 for channel [id: 0x76f1ecb8, L:/127.0.0.1:59210 - R:localhost/127.0.0.1:63373]
[DEBUG] Using pooled Channel '[id: 0x76f1ecb8, L:/127.0.0.1:59210 - R:localhost/127.0.0.1:63373]' for 'POST' to 'http://localhost:63373/session/fa50bf5430b24041e686458a7a9c2e6d/element/2c12113b-676d-4475-a09d-a039de23f1fb/click'
[DEBUG] Using open Channel [id: 0x76f1ecb8, L:/127.0.0.1:59210 - R:localhost/127.0.0.1:63373] for POST '/session/fa50bf5430b24041e686458a7a9c2e6d/element/2c12113b-676d-4475-a09d-a039de23f1fb/click'
[DEBUG] Entry count for : http://localhost:59211 : 1
[DEBUG] Entry count for : http://localhost:59211 : 1
[DEBUG] 

Request DefaultHttpRequest(decodeResult: success, version: HTTP/1.1)
POST /session/fa50bf5430b24041e686458a7a9c2e6d/element/2c12113b-676d-4475-a09d-a039de23f1fb/click HTTP/1.1
User-Agent: selenium/4.2.1 (java windows)
Content-Length: 50
Content-Type: application/json; charset=utf-8
host: localhost:63373
accept: */*

Response DefaultHttpResponse(decodeResult: success, version: HTTP/1.1)
HTTP/1.1 200 OK
Content-Type: application/json; charset=utf-8
cache-control: no-cache
content-length: 14

[DEBUG] Adding key: http://localhost:63373 for channel [id: 0x76f1ecb8, L:/127.0.0.1:59210 - R:localhost/127.0.0.1:63373]
[INFO ] 2022-08-30 01:12:21.699 [main] StepDef - Clicked on customers Menu Item...
[DEBUG] Using pooled Channel '[id: 0x76f1ecb8, L:/127.0.0.1:59210 - R:localhost/127.0.0.1:63373]' for 'POST' to 'http://localhost:63373/session/fa50bf5430b24041e686458a7a9c2e6d/element'
[DEBUG] Using open Channel [id: 0x76f1ecb8, L:/127.0.0.1:59210 - R:localhost/127.0.0.1:63373] for POST '/session/fa50bf5430b24041e686458a7a9c2e6d/element'
[DEBUG] 

Request DefaultHttpRequest(decodeResult: success, version: HTTP/1.1)
POST /session/fa50bf5430b24041e686458a7a9c2e6d/element HTTP/1.1
User-Agent: selenium/4.2.1 (java windows)
Content-Length: 56
Content-Type: application/json; charset=utf-8
host: localhost:63373
accept: */*

Response DefaultHttpResponse(decodeResult: success, version: HTTP/1.1)
HTTP/1.1 200 OK
Content-Type: application/json; charset=utf-8
cache-control: no-cache
content-length: 88

[DEBUG] Adding key: http://localhost:63373 for channel [id: 0x76f1ecb8, L:/127.0.0.1:59210 - R:localhost/127.0.0.1:63373]
[DEBUG] Using pooled Channel '[id: 0x76f1ecb8, L:/127.0.0.1:59210 - R:localhost/127.0.0.1:63373]' for 'POST' to 'http://localhost:63373/session/fa50bf5430b24041e686458a7a9c2e6d/element/afc0a08f-9b1c-40b4-82ca-9090e384f0e4/value'
[DEBUG] Using open Channel [id: 0x76f1ecb8, L:/127.0.0.1:59210 - R:localhost/127.0.0.1:63373] for POST '/session/fa50bf5430b24041e686458a7a9c2e6d/element/afc0a08f-9b1c-40b4-82ca-9090e384f0e4/value'
[DEBUG] 

Request DefaultHttpRequest(decodeResult: success, version: HTTP/1.1)
POST /session/fa50bf5430b24041e686458a7a9c2e6d/element/afc0a08f-9b1c-40b4-82ca-9090e384f0e4/value HTTP/1.1
User-Agent: selenium/4.2.1 (java windows)
Content-Length: 411
Content-Type: application/json; charset=utf-8
host: localhost:63373
accept: */*

Response DefaultHttpResponse(decodeResult: success, version: HTTP/1.1)
HTTP/1.1 200 OK
Content-Type: application/json; charset=utf-8
cache-control: no-cache
content-length: 14

[DEBUG] Adding key: http://localhost:63373 for channel [id: 0x76f1ecb8, L:/127.0.0.1:59210 - R:localhost/127.0.0.1:63373]
[INFO ] 2022-08-30 01:12:21.997 [main] StepDef - Customer EMail Entered
[DEBUG] Using pooled Channel '[id: 0x76f1ecb8, L:/127.0.0.1:59210 - R:localhost/127.0.0.1:63373]' for 'POST' to 'http://localhost:63373/session/fa50bf5430b24041e686458a7a9c2e6d/element'
[DEBUG] Using open Channel [id: 0x76f1ecb8, L:/127.0.0.1:59210 - R:localhost/127.0.0.1:63373] for POST '/session/fa50bf5430b24041e686458a7a9c2e6d/element'
[DEBUG] 

Request DefaultHttpRequest(decodeResult: success, version: HTTP/1.1)
POST /session/fa50bf5430b24041e686458a7a9c2e6d/element HTTP/1.1
User-Agent: selenium/4.2.1 (java windows)
Content-Length: 63
Content-Type: application/json; charset=utf-8
host: localhost:63373
accept: */*

Response DefaultHttpResponse(decodeResult: success, version: HTTP/1.1)
HTTP/1.1 200 OK
Content-Type: application/json; charset=utf-8
cache-control: no-cache
content-length: 88

[DEBUG] Adding key: http://localhost:63373 for channel [id: 0x76f1ecb8, L:/127.0.0.1:59210 - R:localhost/127.0.0.1:63373]
[DEBUG] Using pooled Channel '[id: 0x76f1ecb8, L:/127.0.0.1:59210 - R:localhost/127.0.0.1:63373]' for 'POST' to 'http://localhost:63373/session/fa50bf5430b24041e686458a7a9c2e6d/element/0aa06d15-fd45-42bf-845f-904119e76d5a/click'
[DEBUG] Using open Channel [id: 0x76f1ecb8, L:/127.0.0.1:59210 - R:localhost/127.0.0.1:63373] for POST '/session/fa50bf5430b24041e686458a7a9c2e6d/element/0aa06d15-fd45-42bf-845f-904119e76d5a/click'
[DEBUG] 

Request DefaultHttpRequest(decodeResult: success, version: HTTP/1.1)
POST /session/fa50bf5430b24041e686458a7a9c2e6d/element/0aa06d15-fd45-42bf-845f-904119e76d5a/click HTTP/1.1
User-Agent: selenium/4.2.1 (java windows)
Content-Length: 50
Content-Type: application/json; charset=utf-8
host: localhost:63373
accept: */*

Response DefaultHttpResponse(decodeResult: success, version: HTTP/1.1)
HTTP/1.1 200 OK
Content-Type: application/json; charset=utf-8
cache-control: no-cache
content-length: 14

[DEBUG] Adding key: http://localhost:63373 for channel [id: 0x76f1ecb8, L:/127.0.0.1:59210 - R:localhost/127.0.0.1:63373]
[INFO ] 2022-08-30 01:12:22.103 [main] StepDef - Clicked on search button...
[DEBUG] Entry count for : http://localhost:59211 : 1
[DEBUG] Entry count for : http://localhost:63373 : 1
[DEBUG] Entry count for : http://localhost:59211 : 1
[DEBUG] Entry count for : http://localhost:63373 : 1
[DEBUG] Using pooled Channel '[id: 0x76f1ecb8, L:/127.0.0.1:59210 - R:localhost/127.0.0.1:63373]' for 'POST' to 'http://localhost:63373/session/fa50bf5430b24041e686458a7a9c2e6d/elements'
[DEBUG] Using open Channel [id: 0x76f1ecb8, L:/127.0.0.1:59210 - R:localhost/127.0.0.1:63373] for POST '/session/fa50bf5430b24041e686458a7a9c2e6d/elements'
[DEBUG] 

Request DefaultHttpRequest(decodeResult: success, version: HTTP/1.1)
POST /session/fa50bf5430b24041e686458a7a9c2e6d/elements HTTP/1.1
User-Agent: selenium/4.2.1 (java windows)
Content-Length: 101
Content-Type: application/json; charset=utf-8
host: localhost:63373
accept: */*

Response DefaultHttpResponse(decodeResult: success, version: HTTP/1.1)
HTTP/1.1 200 OK
Content-Type: application/json; charset=utf-8
cache-control: no-cache
content-length: 90

[DEBUG] Adding key: http://localhost:63373 for channel [id: 0x76f1ecb8, L:/127.0.0.1:59210 - R:localhost/127.0.0.1:63373]
Searching row:1
[DEBUG] Using pooled Channel '[id: 0x76f1ecb8, L:/127.0.0.1:59210 - R:localhost/127.0.0.1:63373]' for 'POST' to 'http://localhost:63373/session/fa50bf5430b24041e686458a7a9c2e6d/element'
[DEBUG] Using open Channel [id: 0x76f1ecb8, L:/127.0.0.1:59210 - R:localhost/127.0.0.1:63373] for POST '/session/fa50bf5430b24041e686458a7a9c2e6d/element'
[DEBUG] 

Request DefaultHttpRequest(decodeResult: success, version: HTTP/1.1)
POST /session/fa50bf5430b24041e686458a7a9c2e6d/element HTTP/1.1
User-Agent: selenium/4.2.1 (java windows)
Content-Length: 115
Content-Type: application/json; charset=utf-8
host: localhost:63373
accept: */*

Response DefaultHttpResponse(decodeResult: success, version: HTTP/1.1)
HTTP/1.1 200 OK
Content-Type: application/json; charset=utf-8
cache-control: no-cache
content-length: 88

[DEBUG] Adding key: http://localhost:63373 for channel [id: 0x76f1ecb8, L:/127.0.0.1:59210 - R:localhost/127.0.0.1:63373]
[DEBUG] Using pooled Channel '[id: 0x76f1ecb8, L:/127.0.0.1:59210 - R:localhost/127.0.0.1:63373]' for 'GET' to 'http://localhost:63373/session/fa50bf5430b24041e686458a7a9c2e6d/element/ae983ce3-34c5-4acb-b364-6be7897c3567/text'
[DEBUG] Using open Channel [id: 0x76f1ecb8, L:/127.0.0.1:59210 - R:localhost/127.0.0.1:63373] for GET '/session/fa50bf5430b24041e686458a7a9c2e6d/element/ae983ce3-34c5-4acb-b364-6be7897c3567/text'
[DEBUG] 

Request DefaultFullHttpRequest(decodeResult: success, version: HTTP/1.1, content: EmptyByteBufBE)
GET /session/fa50bf5430b24041e686458a7a9c2e6d/element/ae983ce3-34c5-4acb-b364-6be7897c3567/text HTTP/1.1
User-Agent: selenium/4.2.1 (java windows)
Cache-Control: no-cache
Content-Type: application/json; charset=utf-8
host: localhost:63373
accept: */*

Response DefaultHttpResponse(decodeResult: success, version: HTTP/1.1)
HTTP/1.1 200 OK
Content-Type: application/json; charset=utf-8
cache-control: no-cache
content-length: 45

[DEBUG] Adding key: http://localhost:63373 for channel [id: 0x76f1ecb8, L:/127.0.0.1:59210 - R:localhost/127.0.0.1:63373]
victoria_victoria@nopCommerce.com
[INFO ] 2022-08-30 01:12:24.163 [main] StepDef - User found Email in the Search table: Test Passed...
[DEBUG] Using pooled Channel '[id: 0x76f1ecb8, L:/127.0.0.1:59210 - R:localhost/127.0.0.1:63373]' for 'DELETE' to 'http://localhost:63373/session/fa50bf5430b24041e686458a7a9c2e6d/window'
[DEBUG] Using open Channel [id: 0x76f1ecb8, L:/127.0.0.1:59210 - R:localhost/127.0.0.1:63373] for DELETE '/session/fa50bf5430b24041e686458a7a9c2e6d/window'
[DEBUG] Unexpected I/O exception on channel [id: 0x682d9856, L:/127.0.0.1:59220 - R:localhost/127.0.0.1:59211]
java.net.SocketException: Connection reset
	at java.base/sun.nio.ch.SocketChannelImpl.throwConnectionReset(SocketChannelImpl.java:394) ~[na:na]
	at java.base/sun.nio.ch.SocketChannelImpl.read(SocketChannelImpl.java:426) ~[na:na]
	at io.netty.buffer.PooledByteBuf.setBytes(PooledByteBuf.java:258) ~[netty-buffer-4.1.77.Final.jar:4.1.77.Final]
	at io.netty.buffer.AbstractByteBuf.writeBytes(AbstractByteBuf.java:1132) ~[netty-buffer-4.1.77.Final.jar:4.1.77.Final]
	at io.netty.channel.socket.nio.NioSocketChannel.doReadBytes(NioSocketChannel.java:357) ~[netty-transport-4.1.77.Final.jar:4.1.77.Final]
	at io.netty.channel.nio.AbstractNioByteChannel$NioByteUnsafe.read(AbstractNioByteChannel.java:151) ~[netty-transport-4.1.77.Final.jar:4.1.77.Final]
	at io.netty.channel.nio.NioEventLoop.processSelectedKey(NioEventLoop.java:722) ~[netty-transport-4.1.77.Final.jar:4.1.77.Final]
	at io.netty.channel.nio.NioEventLoop.processSelectedKeysOptimized(NioEventLoop.java:658) ~[netty-transport-4.1.77.Final.jar:4.1.77.Final]
	at io.netty.channel.nio.NioEventLoop.processSelectedKeys(NioEventLoop.java:584) ~[netty-transport-4.1.77.Final.jar:4.1.77.Final]
	at io.netty.channel.nio.NioEventLoop.run(NioEventLoop.java:496) ~[netty-transport-4.1.77.Final.jar:4.1.77.Final]
	at io.netty.util.concurrent.SingleThreadEventExecutor$4.run(SingleThreadEventExecutor.java:995) ~[netty-common-4.1.77.Final.jar:4.1.77.Final]
	at io.netty.util.internal.ThreadExecutorMap$2.run(ThreadExecutorMap.java:74) ~[netty-common-4.1.77.Final.jar:4.1.77.Final]
	at io.netty.util.concurrent.FastThreadLocalRunnable.run(FastThreadLocalRunnable.java:30) ~[netty-common-4.1.77.Final.jar:4.1.77.Final]
	at java.base/java.lang.Thread.run(Thread.java:833) ~[na:na]
[DEBUG] Unexpected I/O exception on channel [id: 0x92485678, L:/127.0.0.1:59219 - R:localhost/127.0.0.1:59211]
java.net.SocketException: Connection reset
	at java.base/sun.nio.ch.SocketChannelImpl.throwConnectionReset(SocketChannelImpl.java:394) ~[na:na]
	at java.base/sun.nio.ch.SocketChannelImpl.read(SocketChannelImpl.java:426) ~[na:na]
	at io.netty.buffer.PooledByteBuf.setBytes(PooledByteBuf.java:258) ~[netty-buffer-4.1.77.Final.jar:4.1.77.Final]
	at io.netty.buffer.AbstractByteBuf.writeBytes(AbstractByteBuf.java:1132) ~[netty-buffer-4.1.77.Final.jar:4.1.77.Final]
	at io.netty.channel.socket.nio.NioSocketChannel.doReadBytes(NioSocketChannel.java:357) ~[netty-transport-4.1.77.Final.jar:4.1.77.Final]
	at io.netty.channel.nio.AbstractNioByteChannel$NioByteUnsafe.read(AbstractNioByteChannel.java:151) ~[netty-transport-4.1.77.Final.jar:4.1.77.Final]
	at io.netty.channel.nio.NioEventLoop.processSelectedKey(NioEventLoop.java:722) ~[netty-transport-4.1.77.Final.jar:4.1.77.Final]
	at io.netty.channel.nio.NioEventLoop.processSelectedKeysOptimized(NioEventLoop.java:658) ~[netty-transport-4.1.77.Final.jar:4.1.77.Final]
	at io.netty.channel.nio.NioEventLoop.processSelectedKeys(NioEventLoop.java:584) ~[netty-transport-4.1.77.Final.jar:4.1.77.Final]
	at io.netty.channel.nio.NioEventLoop.run(NioEventLoop.java:496) ~[netty-transport-4.1.77.Final.jar:4.1.77.Final]
	at io.netty.util.concurrent.SingleThreadEventExecutor$4.run(SingleThreadEventExecutor.java:995) ~[netty-common-4.1.77.Final.jar:4.1.77.Final]
	at io.netty.util.internal.ThreadExecutorMap$2.run(ThreadExecutorMap.java:74) ~[netty-common-4.1.77.Final.jar:4.1.77.Final]
	at io.netty.util.concurrent.FastThreadLocalRunnable.run(FastThreadLocalRunnable.java:30) ~[netty-common-4.1.77.Final.jar:4.1.77.Final]
	at java.base/java.lang.Thread.run(Thread.java:833) ~[na:na]
[DEBUG] Closing Channel [id: 0x92485678, L:/127.0.0.1:59219 - R:localhost/127.0.0.1:59211] 
[DEBUG] Was unable to recover Future: NettyResponseFuture{currentRetry=0,
	isDone=1,
	isCancelled=0,
	asyncHandler=org.asynchttpclient.ws.WebSocketUpgradeHandler@5dea41e8,
	nettyRequest=org.asynchttpclient.netty.request.NettyRequest@365a6955,
	future=java.util.concurrent.CompletableFuture@40623233[Completed normally],
	uri=ws://localhost:59211/devtools/browser/c97461a5-6031-4b4b-975f-087b92cf256d,
	keepAlive=true,
	redirectCount=0,
	timeoutsHolder=null,
	inAuth=0,
	touch=1661802144326}
[DEBUG] Closing Channel [id: 0x682d9856, L:/127.0.0.1:59220 - R:localhost/127.0.0.1:59211] 
[WARN] onError
java.net.SocketException: Connection reset
	at java.base/sun.nio.ch.SocketChannelImpl.throwConnectionReset(SocketChannelImpl.java:394) ~[na:na]
	at java.base/sun.nio.ch.SocketChannelImpl.read(SocketChannelImpl.java:426) ~[na:na]
	at io.netty.buffer.PooledByteBuf.setBytes(PooledByteBuf.java:258) ~[netty-buffer-4.1.77.Final.jar:4.1.77.Final]
	at io.netty.buffer.AbstractByteBuf.writeBytes(AbstractByteBuf.java:1132) ~[netty-buffer-4.1.77.Final.jar:4.1.77.Final]
	at io.netty.channel.socket.nio.NioSocketChannel.doReadBytes(NioSocketChannel.java:357) ~[netty-transport-4.1.77.Final.jar:4.1.77.Final]
	at io.netty.channel.nio.AbstractNioByteChannel$NioByteUnsafe.read(AbstractNioByteChannel.java:151) ~[netty-transport-4.1.77.Final.jar:4.1.77.Final]
	at io.netty.channel.nio.NioEventLoop.processSelectedKey(NioEventLoop.java:722) ~[netty-transport-4.1.77.Final.jar:4.1.77.Final]
	at io.netty.channel.nio.NioEventLoop.processSelectedKeysOptimized(NioEventLoop.java:658) ~[netty-transport-4.1.77.Final.jar:4.1.77.Final]
	at io.netty.channel.nio.NioEventLoop.processSelectedKeys(NioEventLoop.java:584) ~[netty-transport-4.1.77.Final.jar:4.1.77.Final]
	at io.netty.channel.nio.NioEventLoop.run(NioEventLoop.java:496) ~[netty-transport-4.1.77.Final.jar:4.1.77.Final]
	at io.netty.util.concurrent.SingleThreadEventExecutor$4.run(SingleThreadEventExecutor.java:995) ~[netty-common-4.1.77.Final.jar:4.1.77.Final]
	at io.netty.util.internal.ThreadExecutorMap$2.run(ThreadExecutorMap.java:74) ~[netty-common-4.1.77.Final.jar:4.1.77.Final]
	at io.netty.util.concurrent.FastThreadLocalRunnable.run(FastThreadLocalRunnable.java:30) ~[netty-common-4.1.77.Final.jar:4.1.77.Final]
	at java.base/java.lang.Thread.run(Thread.java:833) ~[na:na]
[DEBUG] Channel Closed: [id: 0x92485678, L:/127.0.0.1:59219 ! R:localhost/127.0.0.1:59211] with attribute DISCARD
[DEBUG] Closing Channel [id: 0x682d9856, L:/127.0.0.1:59220 ! R:localhost/127.0.0.1:59211] 
[DEBUG] Channel Closed: [id: 0x682d9856, L:/127.0.0.1:59220 ! R:localhost/127.0.0.1:59211] with attribute DISCARD
[DEBUG] 

Request DefaultFullHttpRequest(decodeResult: success, version: HTTP/1.1, content: EmptyByteBufBE)
DELETE /session/fa50bf5430b24041e686458a7a9c2e6d/window HTTP/1.1
User-Agent: selenium/4.2.1 (java windows)
Content-Type: application/json; charset=utf-8
host: localhost:63373
accept: */*

Response DefaultHttpResponse(decodeResult: success, version: HTTP/1.1)
HTTP/1.1 200 OK
Content-Type: application/json; charset=utf-8
cache-control: no-cache
content-length: 12

[DEBUG] Adding key: http://localhost:63373 for channel [id: 0x76f1ecb8, L:/127.0.0.1:59210 - R:localhost/127.0.0.1:63373]
[INFO ] 2022-08-30 01:12:24.360 [main] StepDef - Browser Closed...
]]></system-out>
    <system-err><![CDATA[Starting ChromeDriver 104.0.5112.79 (3cf3e8c8a07d104b9e1260c910efb8f383285dc5-refs/branch-heads/5112@{#1307}) on port 63373
Only local connections are allowed.
Please see https://chromedriver.chromium.org/security-considerations for suggestions on keeping ChromeDriver safe.
ChromeDriver was started successfully.
Aug 30, 2022 1:12:09 AM org.openqa.selenium.remote.ProtocolHandshake createSession
INFO: Detected upstream dialect: W3C
Aug 30, 2022 1:12:09 AM org.openqa.selenium.devtools.CdpVersionFinder findNearestMatch
WARNING: Unable to find an exact match for CDP version 104, so returning the closest version found: 102
Aug 30, 2022 1:12:09 AM org.openqa.selenium.devtools.CdpVersionFinder findNearestMatch
INFO: Found CDP implementation for version 104 of 102
Aug 30, 2022 1:12:24 AM org.openqa.selenium.remote.http.WebSocket$Listener onError
WARNING: Connection reset
java.net.SocketException: Connection reset
	at java.base/sun.nio.ch.SocketChannelImpl.throwConnectionReset(SocketChannelImpl.java:394)
	at java.base/sun.nio.ch.SocketChannelImpl.read(SocketChannelImpl.java:426)
	at io.netty.buffer.PooledByteBuf.setBytes(PooledByteBuf.java:258)
	at io.netty.buffer.AbstractByteBuf.writeBytes(AbstractByteBuf.java:1132)
	at io.netty.channel.socket.nio.NioSocketChannel.doReadBytes(NioSocketChannel.java:357)
	at io.netty.channel.nio.AbstractNioByteChannel$NioByteUnsafe.read(AbstractNioByteChannel.java:151)
	at io.netty.channel.nio.NioEventLoop.processSelectedKey(NioEventLoop.java:722)
	at io.netty.channel.nio.NioEventLoop.processSelectedKeysOptimized(NioEventLoop.java:658)
	at io.netty.channel.nio.NioEventLoop.processSelectedKeys(NioEventLoop.java:584)
	at io.netty.channel.nio.NioEventLoop.run(NioEventLoop.java:496)
	at io.netty.util.concurrent.SingleThreadEventExecutor$4.run(SingleThreadEventExecutor.java:995)
	at io.netty.util.internal.ThreadExecutorMap$2.run(ThreadExecutorMap.java:74)
	at io.netty.util.concurrent.FastThreadLocalRunnable.run(FastThreadLocalRunnable.java:30)
	at java.base/java.lang.Thread.run(Thread.java:833)

]]></system-err>
  </testcase>
  <testcase name="runScenario[&quot;Successful Login with Valid Credentials&quot;, &quot;Login&quot;](2)" classname="TestRunner.Run" time="16.438">
    <system-out><![CDATA[[DEBUG] Entry count for : http://localhost:59211 : 1
[DEBUG] Entry count for : http://localhost:63373 : 1
[DEBUG] Adding Candidate expired Channel [id: 0x92485678, L:/127.0.0.1:59219 ! R:localhost/127.0.0.1:59211] isIdleTimeoutExpired=false isRemotelyClosed=true isTtlExpired=false
[DEBUG] Closing Idle Channel [id: 0x92485678, L:/127.0.0.1:59219 ! R:localhost/127.0.0.1:59211]
[DEBUG] Closed 1 connections out of 2 in 1 ms
Setup-Sanity method executed..
[DEBUG] Resolution chrome=104 in cache (valid until 01:49:58 30/08/2022 IST)
[DEBUG] Resolution chrome104=104.0.5112.79 in cache (valid until 12:28:36 30/08/2022 IST)
[INFO] Using chromedriver 104.0.5112.79 (resolved driver for Chrome 104)
[DEBUG] Driver chromedriver 104.0.5112.79 found in cache
[INFO] Exporting webdriver.chrome.driver as C:\Users\user\.cache\selenium\chromedriver\win32\104.0.5112.79\chromedriver.exe
[DEBUG] Using new Channel '[id: 0x83a80560, L:/127.0.0.1:59251 - R:localhost/127.0.0.1:60963]' for 'POST' to '/session'
[DEBUG] Entry count for : http://localhost:63373 : 1
[DEBUG] 

Request DefaultHttpRequest(decodeResult: success, version: HTTP/1.1)
POST /session HTTP/1.1
User-Agent: selenium/4.2.1 (java windows)
Content-Length: 365
Content-Type: application/json; charset=utf-8
host: localhost:60963
accept: */*

Response DefaultHttpResponse(decodeResult: success, version: HTTP/1.1)
HTTP/1.1 200 OK
Content-Type: application/json; charset=utf-8
cache-control: no-cache
content-length: 789

[DEBUG] Adding key: http://localhost:60963 for channel [id: 0x83a80560, L:/127.0.0.1:59251 - R:localhost/127.0.0.1:60963]
[DEBUG] Using new Channel '[id: 0x4fa31c6f, L:/127.0.0.1:59259 - R:localhost/127.0.0.1:59252]' for 'GET' to '/json/version'
[DEBUG] 

Request DefaultFullHttpRequest(decodeResult: success, version: HTTP/1.1, content: EmptyByteBufBE)
GET /json/version HTTP/1.1
User-Agent: selenium/4.2.1 (java windows)
host: localhost:59252
accept: */*

Response DefaultHttpResponse(decodeResult: success, version: HTTP/1.1)
HTTP/1.1 200 OK
Content-Type: application/json; charset=UTF-8
content-length: 429

[DEBUG] Adding key: http://localhost:59252 for channel [id: 0x4fa31c6f, L:/127.0.0.1:59259 - R:localhost/127.0.0.1:59252]
[DEBUG] Using new Channel '[id: 0x5bf9bd2b, L:/127.0.0.1:59260 - R:localhost/127.0.0.1:59252]' for 'GET' to '/devtools/browser/8a86cc96-5d85-47e8-9c2b-d2b87260c7f6'
[DEBUG] 

Request DefaultFullHttpRequest(decodeResult: success, version: HTTP/1.1, content: EmptyByteBufBE)
GET /devtools/browser/8a86cc96-5d85-47e8-9c2b-d2b87260c7f6 HTTP/1.1
upgrade: websocket
connection: upgrade
sec-websocket-key: NSTxr+tZ0eOnxVFGwxGM2Q==
sec-websocket-version: 13
origin: http://localhost:59252
host: localhost:59252
accept: */*
user-agent: AHC/2.1

Response DefaultHttpResponse(decodeResult: success, version: HTTP/1.1)
HTTP/1.1 101 WebSocket Protocol Handshake
Upgrade: WebSocket
Connection: Upgrade
Sec-WebSocket-Accept: 5lS+n92T/qZU1EepAJtd8oVfnG4=

[INFO ] 2022-08-30 01:12:25.739 [main] StepDef - Setup executed...
[INFO ] 2022-08-30 01:12:25.741 [main] StepDef - launched Chrome Browser...
[DEBUG] Using pooled Channel '[id: 0x83a80560, L:/127.0.0.1:59251 - R:localhost/127.0.0.1:60963]' for 'POST' to 'http://localhost:60963/session/17d4435b50815a7e903a38b00e41330f/url'
[DEBUG] Using open Channel [id: 0x83a80560, L:/127.0.0.1:59251 - R:localhost/127.0.0.1:60963] for POST '/session/17d4435b50815a7e903a38b00e41330f/url'
[DEBUG] Entry count for : http://localhost:63373 : 1
[DEBUG] Entry count for : http://localhost:59252 : 1
[DEBUG] Entry count for : http://localhost:63373 : 1
[DEBUG] Entry count for : http://localhost:59252 : 1
[DEBUG] 

Request DefaultHttpRequest(decodeResult: success, version: HTTP/1.1)
POST /session/17d4435b50815a7e903a38b00e41330f/url HTTP/1.1
User-Agent: selenium/4.2.1 (java windows)
Content-Length: 69
Content-Type: application/json; charset=utf-8
host: localhost:60963
accept: */*

Response DefaultHttpResponse(decodeResult: success, version: HTTP/1.1)
HTTP/1.1 200 OK
Content-Type: application/json; charset=utf-8
cache-control: no-cache
content-length: 14

[DEBUG] Adding key: http://localhost:60963 for channel [id: 0x83a80560, L:/127.0.0.1:59251 - R:localhost/127.0.0.1:60963]
[DEBUG] Using pooled Channel '[id: 0x83a80560, L:/127.0.0.1:59251 - R:localhost/127.0.0.1:60963]' for 'POST' to 'http://localhost:60963/session/17d4435b50815a7e903a38b00e41330f/window/maximize'
[DEBUG] Using open Channel [id: 0x83a80560, L:/127.0.0.1:59251 - R:localhost/127.0.0.1:60963] for POST '/session/17d4435b50815a7e903a38b00e41330f/window/maximize'
[DEBUG] 

Request DefaultHttpRequest(decodeResult: success, version: HTTP/1.1)
POST /session/17d4435b50815a7e903a38b00e41330f/window/maximize HTTP/1.1
User-Agent: selenium/4.2.1 (java windows)
Content-Length: 3
Content-Type: application/json; charset=utf-8
host: localhost:60963
accept: */*

Response DefaultHttpResponse(decodeResult: success, version: HTTP/1.1)
HTTP/1.1 200 OK
Content-Type: application/json; charset=utf-8
cache-control: no-cache
content-length: 51

[DEBUG] Adding key: http://localhost:60963 for channel [id: 0x83a80560, L:/127.0.0.1:59251 - R:localhost/127.0.0.1:60963]
[DEBUG] Using pooled Channel '[id: 0x83a80560, L:/127.0.0.1:59251 - R:localhost/127.0.0.1:60963]' for 'POST' to 'http://localhost:60963/session/17d4435b50815a7e903a38b00e41330f/timeouts'
[DEBUG] Using open Channel [id: 0x83a80560, L:/127.0.0.1:59251 - R:localhost/127.0.0.1:60963] for POST '/session/17d4435b50815a7e903a38b00e41330f/timeouts'
[DEBUG] 

Request DefaultHttpRequest(decodeResult: success, version: HTTP/1.1)
POST /session/17d4435b50815a7e903a38b00e41330f/timeouts HTTP/1.1
User-Agent: selenium/4.2.1 (java windows)
Content-Length: 23
Content-Type: application/json; charset=utf-8
host: localhost:60963
accept: */*

Response DefaultHttpResponse(decodeResult: success, version: HTTP/1.1)
HTTP/1.1 200 OK
Content-Type: application/json; charset=utf-8
cache-control: no-cache
content-length: 14

[DEBUG] Adding key: http://localhost:60963 for channel [id: 0x83a80560, L:/127.0.0.1:59251 - R:localhost/127.0.0.1:60963]
[INFO ] 2022-08-30 01:12:28.336 [main] StepDef - url Open...
[DEBUG] Using pooled Channel '[id: 0x83a80560, L:/127.0.0.1:59251 - R:localhost/127.0.0.1:60963]' for 'POST' to 'http://localhost:60963/session/17d4435b50815a7e903a38b00e41330f/element'
[DEBUG] Using open Channel [id: 0x83a80560, L:/127.0.0.1:59251 - R:localhost/127.0.0.1:60963] for POST '/session/17d4435b50815a7e903a38b00e41330f/element'
[DEBUG] 

Request DefaultHttpRequest(decodeResult: success, version: HTTP/1.1)
POST /session/17d4435b50815a7e903a38b00e41330f/element HTTP/1.1
User-Agent: selenium/4.2.1 (java windows)
Content-Length: 50
Content-Type: application/json; charset=utf-8
host: localhost:60963
accept: */*

Response DefaultHttpResponse(decodeResult: success, version: HTTP/1.1)
HTTP/1.1 200 OK
Content-Type: application/json; charset=utf-8
cache-control: no-cache
content-length: 88

[DEBUG] Adding key: http://localhost:60963 for channel [id: 0x83a80560, L:/127.0.0.1:59251 - R:localhost/127.0.0.1:60963]
[DEBUG] Using pooled Channel '[id: 0x83a80560, L:/127.0.0.1:59251 - R:localhost/127.0.0.1:60963]' for 'POST' to 'http://localhost:60963/session/17d4435b50815a7e903a38b00e41330f/element/9df69b7e-3d5e-45c1-964b-252c671c2ea0/clear'
[DEBUG] Using open Channel [id: 0x83a80560, L:/127.0.0.1:59251 - R:localhost/127.0.0.1:60963] for POST '/session/17d4435b50815a7e903a38b00e41330f/element/9df69b7e-3d5e-45c1-964b-252c671c2ea0/clear'
[DEBUG] 

Request DefaultHttpRequest(decodeResult: success, version: HTTP/1.1)
POST /session/17d4435b50815a7e903a38b00e41330f/element/9df69b7e-3d5e-45c1-964b-252c671c2ea0/clear HTTP/1.1
User-Agent: selenium/4.2.1 (java windows)
Content-Length: 50
Content-Type: application/json; charset=utf-8
host: localhost:60963
accept: */*

Response DefaultHttpResponse(decodeResult: success, version: HTTP/1.1)
HTTP/1.1 200 OK
Content-Type: application/json; charset=utf-8
cache-control: no-cache
content-length: 14

[DEBUG] Adding key: http://localhost:60963 for channel [id: 0x83a80560, L:/127.0.0.1:59251 - R:localhost/127.0.0.1:60963]
[DEBUG] Using pooled Channel '[id: 0x83a80560, L:/127.0.0.1:59251 - R:localhost/127.0.0.1:60963]' for 'POST' to 'http://localhost:60963/session/17d4435b50815a7e903a38b00e41330f/element'
[DEBUG] Using open Channel [id: 0x83a80560, L:/127.0.0.1:59251 - R:localhost/127.0.0.1:60963] for POST '/session/17d4435b50815a7e903a38b00e41330f/element'
[DEBUG] 

Request DefaultHttpRequest(decodeResult: success, version: HTTP/1.1)
POST /session/17d4435b50815a7e903a38b00e41330f/element HTTP/1.1
User-Agent: selenium/4.2.1 (java windows)
Content-Length: 50
Content-Type: application/json; charset=utf-8
host: localhost:60963
accept: */*

Response DefaultHttpResponse(decodeResult: success, version: HTTP/1.1)
HTTP/1.1 200 OK
Content-Type: application/json; charset=utf-8
cache-control: no-cache
content-length: 88

[DEBUG] Adding key: http://localhost:60963 for channel [id: 0x83a80560, L:/127.0.0.1:59251 - R:localhost/127.0.0.1:60963]
[DEBUG] Using pooled Channel '[id: 0x83a80560, L:/127.0.0.1:59251 - R:localhost/127.0.0.1:60963]' for 'POST' to 'http://localhost:60963/session/17d4435b50815a7e903a38b00e41330f/element/9df69b7e-3d5e-45c1-964b-252c671c2ea0/value'
[DEBUG] Using open Channel [id: 0x83a80560, L:/127.0.0.1:59251 - R:localhost/127.0.0.1:60963] for POST '/session/17d4435b50815a7e903a38b00e41330f/element/9df69b7e-3d5e-45c1-964b-252c671c2ea0/value'
[DEBUG] 

Request DefaultHttpRequest(decodeResult: success, version: HTTP/1.1)
POST /session/17d4435b50815a7e903a38b00e41330f/element/9df69b7e-3d5e-45c1-964b-252c671c2ea0/value HTTP/1.1
User-Agent: selenium/4.2.1 (java windows)
Content-Length: 271
Content-Type: application/json; charset=utf-8
host: localhost:60963
accept: */*

Response DefaultHttpResponse(decodeResult: success, version: HTTP/1.1)
HTTP/1.1 200 OK
Content-Type: application/json; charset=utf-8
cache-control: no-cache
content-length: 14

[DEBUG] Adding key: http://localhost:60963 for channel [id: 0x83a80560, L:/127.0.0.1:59251 - R:localhost/127.0.0.1:60963]
[DEBUG] Using pooled Channel '[id: 0x83a80560, L:/127.0.0.1:59251 - R:localhost/127.0.0.1:60963]' for 'POST' to 'http://localhost:60963/session/17d4435b50815a7e903a38b00e41330f/element'
[DEBUG] Using open Channel [id: 0x83a80560, L:/127.0.0.1:59251 - R:localhost/127.0.0.1:60963] for POST '/session/17d4435b50815a7e903a38b00e41330f/element'
[DEBUG] 

Request DefaultHttpRequest(decodeResult: success, version: HTTP/1.1)
POST /session/17d4435b50815a7e903a38b00e41330f/element HTTP/1.1
User-Agent: selenium/4.2.1 (java windows)
Content-Length: 53
Content-Type: application/json; charset=utf-8
host: localhost:60963
accept: */*

Response DefaultHttpResponse(decodeResult: success, version: HTTP/1.1)
HTTP/1.1 200 OK
Content-Type: application/json; charset=utf-8
cache-control: no-cache
content-length: 88

[DEBUG] Adding key: http://localhost:60963 for channel [id: 0x83a80560, L:/127.0.0.1:59251 - R:localhost/127.0.0.1:60963]
[DEBUG] Using pooled Channel '[id: 0x83a80560, L:/127.0.0.1:59251 - R:localhost/127.0.0.1:60963]' for 'POST' to 'http://localhost:60963/session/17d4435b50815a7e903a38b00e41330f/element/4de6cd1d-a86e-492d-a147-14ef67bcf6c1/clear'
[DEBUG] Using open Channel [id: 0x83a80560, L:/127.0.0.1:59251 - R:localhost/127.0.0.1:60963] for POST '/session/17d4435b50815a7e903a38b00e41330f/element/4de6cd1d-a86e-492d-a147-14ef67bcf6c1/clear'
[DEBUG] 

Request DefaultHttpRequest(decodeResult: success, version: HTTP/1.1)
POST /session/17d4435b50815a7e903a38b00e41330f/element/4de6cd1d-a86e-492d-a147-14ef67bcf6c1/clear HTTP/1.1
User-Agent: selenium/4.2.1 (java windows)
Content-Length: 50
Content-Type: application/json; charset=utf-8
host: localhost:60963
accept: */*

Response DefaultHttpResponse(decodeResult: success, version: HTTP/1.1)
HTTP/1.1 200 OK
Content-Type: application/json; charset=utf-8
cache-control: no-cache
content-length: 14

[DEBUG] Adding key: http://localhost:60963 for channel [id: 0x83a80560, L:/127.0.0.1:59251 - R:localhost/127.0.0.1:60963]
[DEBUG] Using pooled Channel '[id: 0x83a80560, L:/127.0.0.1:59251 - R:localhost/127.0.0.1:60963]' for 'POST' to 'http://localhost:60963/session/17d4435b50815a7e903a38b00e41330f/element'
[DEBUG] Using open Channel [id: 0x83a80560, L:/127.0.0.1:59251 - R:localhost/127.0.0.1:60963] for POST '/session/17d4435b50815a7e903a38b00e41330f/element'
[DEBUG] 

Request DefaultHttpRequest(decodeResult: success, version: HTTP/1.1)
POST /session/17d4435b50815a7e903a38b00e41330f/element HTTP/1.1
User-Agent: selenium/4.2.1 (java windows)
Content-Length: 53
Content-Type: application/json; charset=utf-8
host: localhost:60963
accept: */*

Response DefaultHttpResponse(decodeResult: success, version: HTTP/1.1)
HTTP/1.1 200 OK
Content-Type: application/json; charset=utf-8
cache-control: no-cache
content-length: 88

[DEBUG] Adding key: http://localhost:60963 for channel [id: 0x83a80560, L:/127.0.0.1:59251 - R:localhost/127.0.0.1:60963]
[DEBUG] Using pooled Channel '[id: 0x83a80560, L:/127.0.0.1:59251 - R:localhost/127.0.0.1:60963]' for 'POST' to 'http://localhost:60963/session/17d4435b50815a7e903a38b00e41330f/element/4de6cd1d-a86e-492d-a147-14ef67bcf6c1/value'
[DEBUG] Using open Channel [id: 0x83a80560, L:/127.0.0.1:59251 - R:localhost/127.0.0.1:60963] for POST '/session/17d4435b50815a7e903a38b00e41330f/element/4de6cd1d-a86e-492d-a147-14ef67bcf6c1/value'
[DEBUG] 

Request DefaultHttpRequest(decodeResult: success, version: HTTP/1.1)
POST /session/17d4435b50815a7e903a38b00e41330f/element/4de6cd1d-a86e-492d-a147-14ef67bcf6c1/value HTTP/1.1
User-Agent: selenium/4.2.1 (java windows)
Content-Length: 131
Content-Type: application/json; charset=utf-8
host: localhost:60963
accept: */*

Response DefaultHttpResponse(decodeResult: success, version: HTTP/1.1)
HTTP/1.1 200 OK
Content-Type: application/json; charset=utf-8
cache-control: no-cache
content-length: 14

[DEBUG] Adding key: http://localhost:60963 for channel [id: 0x83a80560, L:/127.0.0.1:59251 - R:localhost/127.0.0.1:60963]
[INFO ] 2022-08-30 01:12:28.644 [main] StepDef - Enter Email- Password...
[DEBUG] Using pooled Channel '[id: 0x83a80560, L:/127.0.0.1:59251 - R:localhost/127.0.0.1:60963]' for 'POST' to 'http://localhost:60963/session/17d4435b50815a7e903a38b00e41330f/element'
[DEBUG] Using open Channel [id: 0x83a80560, L:/127.0.0.1:59251 - R:localhost/127.0.0.1:60963] for POST '/session/17d4435b50815a7e903a38b00e41330f/element'
[DEBUG] 

Request DefaultHttpRequest(decodeResult: success, version: HTTP/1.1)
POST /session/17d4435b50815a7e903a38b00e41330f/element HTTP/1.1
User-Agent: selenium/4.2.1 (java windows)
Content-Length: 87
Content-Type: application/json; charset=utf-8
host: localhost:60963
accept: */*

Response DefaultHttpResponse(decodeResult: success, version: HTTP/1.1)
HTTP/1.1 200 OK
Content-Type: application/json; charset=utf-8
cache-control: no-cache
content-length: 88

[DEBUG] Adding key: http://localhost:60963 for channel [id: 0x83a80560, L:/127.0.0.1:59251 - R:localhost/127.0.0.1:60963]
[DEBUG] Using pooled Channel '[id: 0x83a80560, L:/127.0.0.1:59251 - R:localhost/127.0.0.1:60963]' for 'POST' to 'http://localhost:60963/session/17d4435b50815a7e903a38b00e41330f/element/e7623a1e-403c-42de-9a07-c5ef38b04601/click'
[DEBUG] Using open Channel [id: 0x83a80560, L:/127.0.0.1:59251 - R:localhost/127.0.0.1:60963] for POST '/session/17d4435b50815a7e903a38b00e41330f/element/e7623a1e-403c-42de-9a07-c5ef38b04601/click'
[DEBUG] Entry count for : http://localhost:63373 : 1
[DEBUG] Entry count for : http://localhost:59252 : 1
[DEBUG] Entry count for : http://localhost:63373 : 1
[DEBUG] Entry count for : http://localhost:59252 : 1
[DEBUG] Entry count for : http://localhost:63373 : 1
[DEBUG] Entry count for : http://localhost:59252 : 1
[DEBUG] Entry count for : http://localhost:63373 : 1
[DEBUG] Entry count for : http://localhost:59252 : 1
[DEBUG] 

Request DefaultHttpRequest(decodeResult: success, version: HTTP/1.1)
POST /session/17d4435b50815a7e903a38b00e41330f/element/e7623a1e-403c-42de-9a07-c5ef38b04601/click HTTP/1.1
User-Agent: selenium/4.2.1 (java windows)
Content-Length: 50
Content-Type: application/json; charset=utf-8
host: localhost:60963
accept: */*

Response DefaultHttpResponse(decodeResult: success, version: HTTP/1.1)
HTTP/1.1 200 OK
Content-Type: application/json; charset=utf-8
cache-control: no-cache
content-length: 14

[DEBUG] Adding key: http://localhost:60963 for channel [id: 0x83a80560, L:/127.0.0.1:59251 - R:localhost/127.0.0.1:60963]
[INFO ] 2022-08-30 01:12:33.126 [main] StepDef - Login Button Clicked...
[DEBUG] Entry count for : http://localhost:63373 : 1
[DEBUG] Entry count for : http://localhost:59252 : 1
[DEBUG] Entry count for : http://localhost:60963 : 1
[DEBUG] Entry count for : http://localhost:63373 : 1
[DEBUG] Entry count for : http://localhost:59252 : 1
[DEBUG] Entry count for : http://localhost:60963 : 1
[DEBUG] Using pooled Channel '[id: 0x83a80560, L:/127.0.0.1:59251 - R:localhost/127.0.0.1:60963]' for 'GET' to 'http://localhost:60963/session/17d4435b50815a7e903a38b00e41330f/title'
[DEBUG] Using open Channel [id: 0x83a80560, L:/127.0.0.1:59251 - R:localhost/127.0.0.1:60963] for GET '/session/17d4435b50815a7e903a38b00e41330f/title'
[DEBUG] 

Request DefaultFullHttpRequest(decodeResult: success, version: HTTP/1.1, content: EmptyByteBufBE)
GET /session/17d4435b50815a7e903a38b00e41330f/title HTTP/1.1
User-Agent: selenium/4.2.1 (java windows)
Cache-Control: no-cache
Content-Type: application/json; charset=utf-8
host: localhost:60963
accept: */*

Response DefaultHttpResponse(decodeResult: success, version: HTTP/1.1)
HTTP/1.1 200 OK
Content-Type: application/json; charset=utf-8
cache-control: no-cache
content-length: 50

[DEBUG] Adding key: http://localhost:60963 for channel [id: 0x83a80560, L:/127.0.0.1:59251 - R:localhost/127.0.0.1:60963]
[WARN ] 2022-08-30 01:12:35.137 [main] StepDef - Test Passed : Login Title Page Found
[DEBUG] Entry count for : http://localhost:63373 : 1
[DEBUG] Entry count for : http://localhost:59252 : 1
[DEBUG] Entry count for : http://localhost:60963 : 1
[DEBUG] Entry count for : http://localhost:63373 : 1
[DEBUG] Entry count for : http://localhost:59252 : 1
[DEBUG] Entry count for : http://localhost:60963 : 1
[DEBUG] Using pooled Channel '[id: 0x83a80560, L:/127.0.0.1:59251 - R:localhost/127.0.0.1:60963]' for 'POST' to 'http://localhost:60963/session/17d4435b50815a7e903a38b00e41330f/element'
[DEBUG] Using open Channel [id: 0x83a80560, L:/127.0.0.1:59251 - R:localhost/127.0.0.1:60963] for POST '/session/17d4435b50815a7e903a38b00e41330f/element'
[DEBUG] 

Request DefaultHttpRequest(decodeResult: success, version: HTTP/1.1)
POST /session/17d4435b50815a7e903a38b00e41330f/element HTTP/1.1
User-Agent: selenium/4.2.1 (java windows)
Content-Length: 47
Content-Type: application/json; charset=utf-8
host: localhost:60963
accept: */*

Response DefaultHttpResponse(decodeResult: success, version: HTTP/1.1)
HTTP/1.1 200 OK
Content-Type: application/json; charset=utf-8
cache-control: no-cache
content-length: 88

[DEBUG] Adding key: http://localhost:60963 for channel [id: 0x83a80560, L:/127.0.0.1:59251 - R:localhost/127.0.0.1:60963]
[DEBUG] Using pooled Channel '[id: 0x83a80560, L:/127.0.0.1:59251 - R:localhost/127.0.0.1:60963]' for 'POST' to 'http://localhost:60963/session/17d4435b50815a7e903a38b00e41330f/element/1c08846a-c218-481e-8dd3-9477a7fb3aeb/click'
[DEBUG] Using open Channel [id: 0x83a80560, L:/127.0.0.1:59251 - R:localhost/127.0.0.1:60963] for POST '/session/17d4435b50815a7e903a38b00e41330f/element/1c08846a-c218-481e-8dd3-9477a7fb3aeb/click'
[DEBUG] Entry count for : http://localhost:63373 : 1
[DEBUG] Entry count for : http://localhost:59252 : 1
[DEBUG] 

Request DefaultHttpRequest(decodeResult: success, version: HTTP/1.1)
POST /session/17d4435b50815a7e903a38b00e41330f/element/1c08846a-c218-481e-8dd3-9477a7fb3aeb/click HTTP/1.1
User-Agent: selenium/4.2.1 (java windows)
Content-Length: 50
Content-Type: application/json; charset=utf-8
host: localhost:60963
accept: */*

Response DefaultHttpResponse(decodeResult: success, version: HTTP/1.1)
HTTP/1.1 200 OK
Content-Type: application/json; charset=utf-8
cache-control: no-cache
content-length: 14

[DEBUG] Adding key: http://localhost:60963 for channel [id: 0x83a80560, L:/127.0.0.1:59251 - R:localhost/127.0.0.1:60963]
[INFO ] 2022-08-30 01:12:38.664 [main] StepDef - Logout Button Clicked...
[DEBUG] Entry count for : http://localhost:63373 : 1
[DEBUG] Entry count for : http://localhost:59252 : 1
[DEBUG] Entry count for : http://localhost:60963 : 1
[DEBUG] Entry count for : http://localhost:63373 : 1
[DEBUG] Entry count for : http://localhost:59252 : 1
[DEBUG] Entry count for : http://localhost:60963 : 1
[DEBUG] Using pooled Channel '[id: 0x83a80560, L:/127.0.0.1:59251 - R:localhost/127.0.0.1:60963]' for 'GET' to 'http://localhost:60963/session/17d4435b50815a7e903a38b00e41330f/title'
[DEBUG] Using open Channel [id: 0x83a80560, L:/127.0.0.1:59251 - R:localhost/127.0.0.1:60963] for GET '/session/17d4435b50815a7e903a38b00e41330f/title'
[DEBUG] 

Request DefaultFullHttpRequest(decodeResult: success, version: HTTP/1.1, content: EmptyByteBufBE)
GET /session/17d4435b50815a7e903a38b00e41330f/title HTTP/1.1
User-Agent: selenium/4.2.1 (java windows)
Cache-Control: no-cache
Content-Type: application/json; charset=utf-8
host: localhost:60963
accept: */*

Response DefaultHttpResponse(decodeResult: success, version: HTTP/1.1)
HTTP/1.1 200 OK
Content-Type: application/json; charset=utf-8
cache-control: no-cache
content-length: 29

[DEBUG] Adding key: http://localhost:60963 for channel [id: 0x83a80560, L:/127.0.0.1:59251 - R:localhost/127.0.0.1:60963]
[WARN ] 2022-08-30 01:12:40.687 [main] StepDef - Test Passed : Login Title Page Found
[DEBUG] Using pooled Channel '[id: 0x83a80560, L:/127.0.0.1:59251 - R:localhost/127.0.0.1:60963]' for 'DELETE' to 'http://localhost:60963/session/17d4435b50815a7e903a38b00e41330f/window'
[DEBUG] Using open Channel [id: 0x83a80560, L:/127.0.0.1:59251 - R:localhost/127.0.0.1:60963] for DELETE '/session/17d4435b50815a7e903a38b00e41330f/window'
[DEBUG] Unexpected I/O exception on channel [id: 0x4fa31c6f, L:/127.0.0.1:59259 - R:localhost/127.0.0.1:59252]
java.net.SocketException: Connection reset
	at java.base/sun.nio.ch.SocketChannelImpl.throwConnectionReset(SocketChannelImpl.java:394) ~[na:na]
	at java.base/sun.nio.ch.SocketChannelImpl.read(SocketChannelImpl.java:426) ~[na:na]
	at io.netty.buffer.PooledByteBuf.setBytes(PooledByteBuf.java:258) ~[netty-buffer-4.1.77.Final.jar:4.1.77.Final]
	at io.netty.buffer.AbstractByteBuf.writeBytes(AbstractByteBuf.java:1132) ~[netty-buffer-4.1.77.Final.jar:4.1.77.Final]
	at io.netty.channel.socket.nio.NioSocketChannel.doReadBytes(NioSocketChannel.java:357) ~[netty-transport-4.1.77.Final.jar:4.1.77.Final]
	at io.netty.channel.nio.AbstractNioByteChannel$NioByteUnsafe.read(AbstractNioByteChannel.java:151) ~[netty-transport-4.1.77.Final.jar:4.1.77.Final]
	at io.netty.channel.nio.NioEventLoop.processSelectedKey(NioEventLoop.java:722) ~[netty-transport-4.1.77.Final.jar:4.1.77.Final]
	at io.netty.channel.nio.NioEventLoop.processSelectedKeysOptimized(NioEventLoop.java:658) ~[netty-transport-4.1.77.Final.jar:4.1.77.Final]
	at io.netty.channel.nio.NioEventLoop.processSelectedKeys(NioEventLoop.java:584) ~[netty-transport-4.1.77.Final.jar:4.1.77.Final]
	at io.netty.channel.nio.NioEventLoop.run(NioEventLoop.java:496) ~[netty-transport-4.1.77.Final.jar:4.1.77.Final]
	at io.netty.util.concurrent.SingleThreadEventExecutor$4.run(SingleThreadEventExecutor.java:995) ~[netty-common-4.1.77.Final.jar:4.1.77.Final]
	at io.netty.util.internal.ThreadExecutorMap$2.run(ThreadExecutorMap.java:74) ~[netty-common-4.1.77.Final.jar:4.1.77.Final]
	at io.netty.util.concurrent.FastThreadLocalRunnable.run(FastThreadLocalRunnable.java:30) ~[netty-common-4.1.77.Final.jar:4.1.77.Final]
	at java.base/java.lang.Thread.run(Thread.java:833) ~[na:na]
[DEBUG] Closing Channel [id: 0x4fa31c6f, L:/127.0.0.1:59259 - R:localhost/127.0.0.1:59252] 
[DEBUG] Channel Closed: [id: 0x4fa31c6f, L:/127.0.0.1:59259 ! R:localhost/127.0.0.1:59252] with attribute DISCARD
[DEBUG] Unexpected I/O exception on channel [id: 0x5bf9bd2b, L:/127.0.0.1:59260 - R:localhost/127.0.0.1:59252]
java.net.SocketException: Connection reset
	at java.base/sun.nio.ch.SocketChannelImpl.throwConnectionReset(SocketChannelImpl.java:394) ~[na:na]
	at java.base/sun.nio.ch.SocketChannelImpl.read(SocketChannelImpl.java:426) ~[na:na]
	at io.netty.buffer.PooledByteBuf.setBytes(PooledByteBuf.java:258) ~[netty-buffer-4.1.77.Final.jar:4.1.77.Final]
	at io.netty.buffer.AbstractByteBuf.writeBytes(AbstractByteBuf.java:1132) ~[netty-buffer-4.1.77.Final.jar:4.1.77.Final]
	at io.netty.channel.socket.nio.NioSocketChannel.doReadBytes(NioSocketChannel.java:357) ~[netty-transport-4.1.77.Final.jar:4.1.77.Final]
	at io.netty.channel.nio.AbstractNioByteChannel$NioByteUnsafe.read(AbstractNioByteChannel.java:151) ~[netty-transport-4.1.77.Final.jar:4.1.77.Final]
	at io.netty.channel.nio.NioEventLoop.processSelectedKey(NioEventLoop.java:722) ~[netty-transport-4.1.77.Final.jar:4.1.77.Final]
	at io.netty.channel.nio.NioEventLoop.processSelectedKeysOptimized(NioEventLoop.java:658) ~[netty-transport-4.1.77.Final.jar:4.1.77.Final]
	at io.netty.channel.nio.NioEventLoop.processSelectedKeys(NioEventLoop.java:584) ~[netty-transport-4.1.77.Final.jar:4.1.77.Final]
	at io.netty.channel.nio.NioEventLoop.run(NioEventLoop.java:496) ~[netty-transport-4.1.77.Final.jar:4.1.77.Final]
	at io.netty.util.concurrent.SingleThreadEventExecutor$4.run(SingleThreadEventExecutor.java:995) ~[netty-common-4.1.77.Final.jar:4.1.77.Final]
	at io.netty.util.internal.ThreadExecutorMap$2.run(ThreadExecutorMap.java:74) ~[netty-common-4.1.77.Final.jar:4.1.77.Final]
	at io.netty.util.concurrent.FastThreadLocalRunnable.run(FastThreadLocalRunnable.java:30) ~[netty-common-4.1.77.Final.jar:4.1.77.Final]
	at java.base/java.lang.Thread.run(Thread.java:833) ~[na:na]
[DEBUG] Was unable to recover Future: NettyResponseFuture{currentRetry=0,
	isDone=1,
	isCancelled=0,
	asyncHandler=org.asynchttpclient.ws.WebSocketUpgradeHandler@129a6c7,
	nettyRequest=org.asynchttpclient.netty.request.NettyRequest@442b2886,
	future=java.util.concurrent.CompletableFuture@4192e9c1[Completed normally],
	uri=ws://localhost:59252/devtools/browser/8a86cc96-5d85-47e8-9c2b-d2b87260c7f6,
	keepAlive=true,
	redirectCount=0,
	timeoutsHolder=null,
	inAuth=0,
	touch=1661802160824}
[DEBUG] Closing Channel [id: 0x5bf9bd2b, L:/127.0.0.1:59260 - R:localhost/127.0.0.1:59252] 
[WARN] onError
java.net.SocketException: Connection reset
	at java.base/sun.nio.ch.SocketChannelImpl.throwConnectionReset(SocketChannelImpl.java:394) ~[na:na]
	at java.base/sun.nio.ch.SocketChannelImpl.read(SocketChannelImpl.java:426) ~[na:na]
	at io.netty.buffer.PooledByteBuf.setBytes(PooledByteBuf.java:258) ~[netty-buffer-4.1.77.Final.jar:4.1.77.Final]
	at io.netty.buffer.AbstractByteBuf.writeBytes(AbstractByteBuf.java:1132) ~[netty-buffer-4.1.77.Final.jar:4.1.77.Final]
	at io.netty.channel.socket.nio.NioSocketChannel.doReadBytes(NioSocketChannel.java:357) ~[netty-transport-4.1.77.Final.jar:4.1.77.Final]
	at io.netty.channel.nio.AbstractNioByteChannel$NioByteUnsafe.read(AbstractNioByteChannel.java:151) ~[netty-transport-4.1.77.Final.jar:4.1.77.Final]
	at io.netty.channel.nio.NioEventLoop.processSelectedKey(NioEventLoop.java:722) ~[netty-transport-4.1.77.Final.jar:4.1.77.Final]
	at io.netty.channel.nio.NioEventLoop.processSelectedKeysOptimized(NioEventLoop.java:658) ~[netty-transport-4.1.77.Final.jar:4.1.77.Final]
	at io.netty.channel.nio.NioEventLoop.processSelectedKeys(NioEventLoop.java:584) ~[netty-transport-4.1.77.Final.jar:4.1.77.Final]
	at io.netty.channel.nio.NioEventLoop.run(NioEventLoop.java:496) ~[netty-transport-4.1.77.Final.jar:4.1.77.Final]
	at io.netty.util.concurrent.SingleThreadEventExecutor$4.run(SingleThreadEventExecutor.java:995) ~[netty-common-4.1.77.Final.jar:4.1.77.Final]
	at io.netty.util.internal.ThreadExecutorMap$2.run(ThreadExecutorMap.java:74) ~[netty-common-4.1.77.Final.jar:4.1.77.Final]
	at io.netty.util.concurrent.FastThreadLocalRunnable.run(FastThreadLocalRunnable.java:30) ~[netty-common-4.1.77.Final.jar:4.1.77.Final]
	at java.base/java.lang.Thread.run(Thread.java:833) ~[na:na]
[DEBUG] Closing Channel [id: 0x5bf9bd2b, L:/127.0.0.1:59260 ! R:localhost/127.0.0.1:59252] 
[DEBUG] Channel Closed: [id: 0x5bf9bd2b, L:/127.0.0.1:59260 ! R:localhost/127.0.0.1:59252] with attribute DISCARD
[DEBUG] 

Request DefaultFullHttpRequest(decodeResult: success, version: HTTP/1.1, content: EmptyByteBufBE)
DELETE /session/17d4435b50815a7e903a38b00e41330f/window HTTP/1.1
User-Agent: selenium/4.2.1 (java windows)
Content-Type: application/json; charset=utf-8
host: localhost:60963
accept: */*

Response DefaultHttpResponse(decodeResult: success, version: HTTP/1.1)
HTTP/1.1 200 OK
Content-Type: application/json; charset=utf-8
cache-control: no-cache
content-length: 12

[DEBUG] Adding key: http://localhost:60963 for channel [id: 0x83a80560, L:/127.0.0.1:59251 - R:localhost/127.0.0.1:60963]
[INFO ] 2022-08-30 01:12:40.854 [main] StepDef - Browser Closed...
]]></system-out>
    <system-err><![CDATA[Starting ChromeDriver 104.0.5112.79 (3cf3e8c8a07d104b9e1260c910efb8f383285dc5-refs/branch-heads/5112@{#1307}) on port 60963
Only local connections are allowed.
Please see https://chromedriver.chromium.org/security-considerations for suggestions on keeping ChromeDriver safe.
ChromeDriver was started successfully.
Aug 30, 2022 1:12:25 AM org.openqa.selenium.remote.ProtocolHandshake createSession
INFO: Detected upstream dialect: W3C
Aug 30, 2022 1:12:25 AM org.openqa.selenium.devtools.CdpVersionFinder findNearestMatch
WARNING: Unable to find an exact match for CDP version 104, so returning the closest version found: 102
Aug 30, 2022 1:12:25 AM org.openqa.selenium.devtools.CdpVersionFinder findNearestMatch
INFO: Found CDP implementation for version 104 of 102
Aug 30, 2022 1:12:40 AM org.openqa.selenium.remote.http.WebSocket$Listener onError
WARNING: Connection reset
java.net.SocketException: Connection reset
	at java.base/sun.nio.ch.SocketChannelImpl.throwConnectionReset(SocketChannelImpl.java:394)
	at java.base/sun.nio.ch.SocketChannelImpl.read(SocketChannelImpl.java:426)
	at io.netty.buffer.PooledByteBuf.setBytes(PooledByteBuf.java:258)
	at io.netty.buffer.AbstractByteBuf.writeBytes(AbstractByteBuf.java:1132)
	at io.netty.channel.socket.nio.NioSocketChannel.doReadBytes(NioSocketChannel.java:357)
	at io.netty.channel.nio.AbstractNioByteChannel$NioByteUnsafe.read(AbstractNioByteChannel.java:151)
	at io.netty.channel.nio.NioEventLoop.processSelectedKey(NioEventLoop.java:722)
	at io.netty.channel.nio.NioEventLoop.processSelectedKeysOptimized(NioEventLoop.java:658)
	at io.netty.channel.nio.NioEventLoop.processSelectedKeys(NioEventLoop.java:584)
	at io.netty.channel.nio.NioEventLoop.run(NioEventLoop.java:496)
	at io.netty.util.concurrent.SingleThreadEventExecutor$4.run(SingleThreadEventExecutor.java:995)
	at io.netty.util.internal.ThreadExecutorMap$2.run(ThreadExecutorMap.java:74)
	at io.netty.util.concurrent.FastThreadLocalRunnable.run(FastThreadLocalRunnable.java:30)
	at java.base/java.lang.Thread.run(Thread.java:833)

]]></system-err>
  </testcase>
</testsuite>