<?xml version="1.0" encoding="UTF-8"?>
<!-- Generated by org.testng.reporters.JUnitReportReporter -->
<testsuite hostname="DESKTOP-FNLSIDR" failures="0" tests="2" name="TestRunner.Run" time="34.941" errors="0" timestamp="2022-08-30T01:12:41 IST" skipped="0">
  <testcase classname="TestRunner.Run" name="runScenario" time="18.457"/>
  <system-out/>
  <testcase classname="TestRunner.Run" name="runScenario" time="16.484"/>
  <system-out/>
</testsuite> <!-- TestRunner.Run -->
